Vivado Simulator 2020.2
Copyright 1986-1999, 2001-2020 Xilinx, Inc. All Rights Reserved.
Running: C:/Xilinx/Vivado/2020.2/bin/unwrapped/win64.o/xelab.exe -wto e6362ae8ad8d4879b8aeb80b63e3e765 --incr --debug typical --relax --mt 2 -L xil_defaultlib -L xbip_utils_v3_0_10 -L c_reg_fd_v12_0_6 -L xbip_dsp48_wrapper_v3_0_4 -L xbip_pipe_v3_0_6 -L xbip_dsp48_addsub_v3_0_6 -L xbip_addsub_v3_0_6 -L c_addsub_v12_0_14 -L c_gate_bit_v12_0_6 -L xbip_counter_v3_0_6 -L c_counter_binary_v12_0_14 -L axi_utils_v2_0_6 -L xbip_bram18k_v3_0_6 -L mult_gen_v12_0_16 -L xbip_dsp48_multadd_v3_0_6 -L dds_compiler_v6_0_20 -L fir_compiler_v7_2_15 -L unisims_ver -L unimacro_ver -L secureip -L xpm --snapshot FM_Modulator_DAC_TopLevel_behav xil_defaultlib.FM_Modulator_DAC_TopLevel xil_defaultlib.glbl -log elaborate.log 
Using 2 slave threads.
Starting static elaboration
Pass Through NonSizing Optimizer
Completed static elaboration
Starting simulation data flow analysis
Completed simulation data flow analysis
Time Resolution for simulation is 1ps
Compiling package std.standard
Compiling package std.textio
Compiling package ieee.std_logic_1164
Compiling package ieee.numeric_std
Compiling package xbip_utils_v3_0_10.xbip_utils_v3_0_10_pkg
Compiling package xbip_utils_v3_0_10.xcc_utils_v3_0
Compiling package dds_compiler_v6_0_20.dds_compiler_v6_0_20_viv_comp
Compiling package ieee.std_logic_arith
Compiling package ieee.std_logic_signed
Compiling package dds_compiler_v6_0_20.pkg_dds_compiler_v6_0_20
Compiling package dds_compiler_v6_0_20.dds_compiler_v6_0_20_hdl_comps
Compiling package xbip_pipe_v3_0_6.xbip_pipe_v3_0_6_viv_comp
Compiling package axi_utils_v2_0_6.axi_utils_v2_0_6_pkg
Compiling package ieee.math_real
Compiling package axi_utils_v2_0_6.global_util_pkg
Compiling package axi_utils_v2_0_6.axi_utils_comps
Compiling package unisim.vcomponents
Compiling package ieee.std_logic_unsigned
Compiling package dds_compiler_v6_0_20.pkg_betas
Compiling package dds_compiler_v6_0_20.pkg_alphas
Compiling package mult_gen_v12_0_16.mult_gen_v12_0_16_viv_comp
Compiling package mult_gen_v12_0_16.mult_gen_v12_0_16_pkg
Compiling package c_addsub_v12_0_14.c_addsub_v12_0_14_viv_comp
Compiling package xbip_addsub_v3_0_6.xbip_addsub_v3_0_6_viv_comp
Compiling package c_addsub_v12_0_14.c_addsub_v12_0_14_pkg
Compiling package c_addsub_v12_0_14.c_addsub_v12_0_14_pkg_legacy
Compiling package c_reg_fd_v12_0_6.c_reg_fd_v12_0_6_viv_comp
Compiling package xil_defaultlib.conv_pkg
Compiling package ieee.vital_timing
Compiling package ieee.vital_primitives
Compiling package unisim.vpkg
Compiling package c_counter_binary_v12_0_14.c_counter_binary_v12_0_14_viv_co...
Compiling package xbip_counter_v3_0_6.xbip_counter_v3_0_6_viv_comp
Compiling package xbip_counter_v3_0_6.xbip_counter_v3_0_6_pkg
Compiling package c_counter_binary_v12_0_14.c_counter_binary_v12_0_14_pkg
Compiling package fir_compiler_v7_2_15.fir_compiler_v7_2_15_viv_comp
Compiling package ieee.std_logic_textio
Compiling package fir_compiler_v7_2_15.globals_pkg
Compiling package fir_compiler_v7_2_15.components
Compiling package mult_gen_v12_0_16.dsp_pkg
Compiling package vl.vl_types
Compiling module xil_defaultlib.glbl
Compiling module unisims_ver.IBUF
Compiling module unisims_ver.MMCME2_ADV(CLKFBOUT_MULT_F=10.0,...
Compiling module unisims_ver.BUFG
Compiling module xil_defaultlib.clk_wiz_0_clk_wiz
Compiling module xil_defaultlib.clk_wiz_0
Compiling architecture synth of entity xbip_pipe_v3_0_6.xbip_pipe_v3_0_6_viv [\xbip_pipe_v3_0_6_viv(c_latency=...]
Compiling architecture synth of entity xbip_pipe_v3_0_6.xbip_pipe_v3_0_6_viv [\xbip_pipe_v3_0_6_viv(c_latency=...]
Compiling architecture synth of entity dds_compiler_v6_0_20.dds_compiler_v6_0_20_rdy [\dds_compiler_v6_0_20_rdy(c_has_...]
Compiling architecture synth of entity dds_compiler_v6_0_20.dither_wrap [\dither_wrap(ci_phase_err_width=...]
Compiling architecture synth of entity xbip_pipe_v3_0_6.xbip_pipe_v3_0_6_viv [\xbip_pipe_v3_0_6_viv(c_has_ce=1...]
Compiling architecture synth of entity xbip_pipe_v3_0_6.xbip_pipe_v3_0_6_viv [\xbip_pipe_v3_0_6_viv(c_has_ce=1...]
Compiling architecture synth of entity xbip_pipe_v3_0_6.xbip_pipe_v3_0_6_viv [\xbip_pipe_v3_0_6_viv(c_has_ce=1...]
Compiling architecture synth of entity xbip_pipe_v3_0_6.xbip_pipe_v3_0_6_viv [\xbip_pipe_v3_0_6_viv(c_latency=...]
Compiling architecture synth of entity dds_compiler_v6_0_20.pipe_add [\pipe_add(c_width=31,c_seg_width...]
Compiling architecture synth of entity dds_compiler_v6_0_20.accum [\accum(c_xdevicefamily="spartan7...]
Compiling architecture synth of entity xbip_pipe_v3_0_6.xbip_pipe_v3_0_6_viv [\xbip_pipe_v3_0_6_viv(c_latency=...]
Compiling architecture synth of entity xbip_pipe_v3_0_6.xbip_pipe_v3_0_6_viv [\xbip_pipe_v3_0_6_viv(c_latency=...]
Compiling architecture synth of entity xbip_pipe_v3_0_6.xbip_pipe_v3_0_6_viv [\xbip_pipe_v3_0_6_viv(c_latency=...]
Compiling architecture synth of entity xbip_pipe_v3_0_6.xbip_pipe_v3_0_6_viv [\xbip_pipe_v3_0_6_viv(c_latency=...]
Compiling architecture synth of entity dds_compiler_v6_0_20.sin_cos [\sin_cos(c_xdevicefamily="sparta...]
Compiling architecture synth of entity xbip_pipe_v3_0_6.xbip_pipe_v3_0_6_viv [\xbip_pipe_v3_0_6_viv(c_has_ce=1...]
Compiling architecture synth of entity xbip_pipe_v3_0_6.xbip_pipe_v3_0_6_viv [\xbip_pipe_v3_0_6_viv(c_has_ce=1...]
Compiling architecture synth of entity dds_compiler_v6_0_20.dds_compiler_v6_0_20_core [\dds_compiler_v6_0_20_core(c_xde...]
Compiling architecture synth of entity dds_compiler_v6_0_20.dds_compiler_v6_0_20_viv [\dds_compiler_v6_0_20_viv(c_xdev...]
Compiling architecture xilinx of entity dds_compiler_v6_0_20.dds_compiler_v6_0_20 [\dds_compiler_v6_0_20(c_xdevicef...]
Compiling architecture dds_compiler_0_arch of entity xil_defaultlib.dds_compiler_0 [dds_compiler_0_default]
Compiling architecture xilinx of entity mult_gen_v12_0_16.ccm_dist_mem [\ccm_dist_mem(c_addr_width=6,c_d...]
Compiling architecture xilinx of entity mult_gen_v12_0_16.ccm_syncmem [\ccm_syncmem(c_xdevicefamily="sp...]
Compiling architecture xilinx of entity mult_gen_v12_0_16.ccm_scaled_adder [\ccm_scaled_adder(a_width=25,b_w...]
Compiling architecture xilinx of entity mult_gen_v12_0_16.ccm_dist_mem [\ccm_dist_mem(c_addr_width=6,c_d...]
Compiling architecture xilinx of entity mult_gen_v12_0_16.ccm_syncmem [\ccm_syncmem(c_xdevicefamily="sp...]
Compiling architecture xilinx of entity mult_gen_v12_0_16.delay_line [\delay_line(c_xdevicefamily="spa...]
Compiling architecture xilinx of entity mult_gen_v12_0_16.ccm_scaled_adder [\ccm_scaled_adder(a_width=32,b_w...]
Compiling architecture xilinx of entity mult_gen_v12_0_16.delay_line [\delay_line(c_xdevicefamily="spa...]
Compiling architecture xilinx of entity mult_gen_v12_0_16.ccm_operation [\ccm_operation(c_xdevicefamily="...]
Compiling architecture xilinx of entity mult_gen_v12_0_16.ccm [\ccm(c_xdevicefamily="spartan7",...]
Compiling architecture xilinx of entity mult_gen_v12_0_16.mult_gen_v12_0_16_viv [\mult_gen_v12_0_16_viv(c_verbosi...]
Compiling architecture xilinx of entity mult_gen_v12_0_16.mult_gen_v12_0_16 [\mult_gen_v12_0_16(c_xdevicefami...]
Compiling architecture mult_gen_arch of entity xil_defaultlib.mult_gen [mult_gen_default]
Compiling architecture structural of entity c_reg_fd_v12_0_6.c_reg_fd_v12_0_6_viv [\c_reg_fd_v12_0_6_viv(c_sync_pri...]
Compiling architecture structural of entity c_reg_fd_v12_0_6.c_reg_fd_v12_0_6_viv [\c_reg_fd_v12_0_6_viv(c_width=10...]
Compiling architecture muxcy_v of entity unisim.MUXCY [muxcy_default]
Compiling architecture xorcy_v of entity unisim.XORCY [xorcy_default]
Compiling architecture rtl of entity c_addsub_v12_0_14.c_addsub_v12_0_14_lut6_legacy [\c_addsub_v12_0_14_lut6_legacy(c...]
Compiling architecture synth of entity c_addsub_v12_0_14.c_addsub_v12_0_14_fabric_legacy [\c_addsub_v12_0_14_fabric_legacy...]
Compiling architecture structural of entity c_reg_fd_v12_0_6.c_reg_fd_v12_0_6_viv [\c_reg_fd_v12_0_6_viv(c_width=11...]
Compiling architecture rtl of entity c_addsub_v12_0_14.c_addsub_v12_0_14_lut6_legacy [\c_addsub_v12_0_14_lut6_legacy(c...]
Compiling architecture synth of entity c_addsub_v12_0_14.c_addsub_v12_0_14_fabric_legacy [\c_addsub_v12_0_14_fabric_legacy...]
Compiling architecture rtl of entity c_addsub_v12_0_14.c_addsub_v12_0_14_lut6_legacy [\c_addsub_v12_0_14_lut6_legacy(c...]
Compiling architecture synth of entity c_addsub_v12_0_14.c_addsub_v12_0_14_fabric_legacy [\c_addsub_v12_0_14_fabric_legacy...]
Compiling architecture rtl of entity c_addsub_v12_0_14.c_addsub_v12_0_14_lut6_legacy [\c_addsub_v12_0_14_lut6_legacy(c...]
Compiling architecture synth of entity c_addsub_v12_0_14.c_addsub_v12_0_14_fabric_legacy [\c_addsub_v12_0_14_fabric_legacy...]
Compiling architecture synth of entity c_addsub_v12_0_14.c_addsub_v12_0_14_legacy [\c_addsub_v12_0_14_legacy(c_fami...]
Compiling architecture synth of entity c_addsub_v12_0_14.c_addsub_v12_0_14_viv [\c_addsub_v12_0_14_viv(c_xdevice...]
Compiling architecture xilinx of entity c_addsub_v12_0_14.c_addsub_v12_0_14 [\c_addsub_v12_0_14(c_xdevicefami...]
Compiling architecture c_addsub_0_arch of entity xil_defaultlib.c_addsub_0 [c_addsub_0_default]
Compiling architecture synth of entity xbip_pipe_v3_0_6.xbip_pipe_v3_0_6_viv [\xbip_pipe_v3_0_6_viv(c_latency=...]
Compiling architecture synth of entity xbip_pipe_v3_0_6.xbip_pipe_v3_0_6_viv [\xbip_pipe_v3_0_6_viv(c_latency=...]
Compiling architecture synth of entity dds_compiler_v6_0_20.dds_compiler_v6_0_20_rdy [\dds_compiler_v6_0_20_rdy(c_has_...]
Compiling architecture synth of entity dds_compiler_v6_0_20.accum [\accum(c_xdevicefamily="spartan7...]
Compiling architecture synth of entity xbip_pipe_v3_0_6.xbip_pipe_v3_0_6_viv [\xbip_pipe_v3_0_6_viv(c_has_ce=1...]
Compiling architecture synth of entity xbip_pipe_v3_0_6.xbip_pipe_v3_0_6_viv [\xbip_pipe_v3_0_6_viv(c_has_ce=1...]
Compiling architecture synth of entity dds_compiler_v6_0_20.sin_cos [\sin_cos(c_xdevicefamily="sparta...]
Compiling architecture synth of entity xbip_pipe_v3_0_6.xbip_pipe_v3_0_6_viv [\xbip_pipe_v3_0_6_viv(c_has_ce=1...]
Compiling architecture synth of entity dds_compiler_v6_0_20.dds_compiler_v6_0_20_core [\dds_compiler_v6_0_20_core(c_xde...]
Compiling architecture synth of entity dds_compiler_v6_0_20.dds_compiler_v6_0_20_viv [\dds_compiler_v6_0_20_viv(c_xdev...]
Compiling architecture xilinx of entity dds_compiler_v6_0_20.dds_compiler_v6_0_20 [\dds_compiler_v6_0_20(c_xdevicef...]
Compiling architecture dds_compiler_1_arch of entity xil_defaultlib.dds_compiler_1 [dds_compiler_1_default]
Compiling architecture fdre_v of entity unisim.FDRE [fdre_default]
Compiling architecture structural of entity xil_defaultlib.single_reg_w_init [\single_reg_w_init(width=1)(0,3)...]
Compiling architecture structural of entity xil_defaultlib.synth_reg_w_init [\synth_reg_w_init(width=1)(0,3)\]
Compiling architecture behavior of entity xil_defaultlib.xlclockdriver [\xlclockdriver(period=1,log_2_pe...]
Compiling architecture structural of entity xil_defaultlib.fm_mod_default_clock_driver [fm_mod_default_clock_driver_defa...]
Compiling architecture structural of entity c_reg_fd_v12_0_6.c_reg_fd_v12_0_6_viv [\c_reg_fd_v12_0_6_viv(c_width=54...]
Compiling architecture rtl of entity c_addsub_v12_0_14.c_addsub_v12_0_14_lut6_legacy [\c_addsub_v12_0_14_lut6_legacy(c...]
Compiling architecture synth of entity c_addsub_v12_0_14.c_addsub_v12_0_14_fabric_legacy [\c_addsub_v12_0_14_fabric_legacy...]
Compiling architecture synth of entity c_addsub_v12_0_14.c_addsub_v12_0_14_legacy [\c_addsub_v12_0_14_legacy(c_fami...]
Compiling architecture synth of entity c_addsub_v12_0_14.c_addsub_v12_0_14_viv [\c_addsub_v12_0_14_viv(c_xdevice...]
Compiling architecture xilinx of entity c_addsub_v12_0_14.c_addsub_v12_0_14 [\c_addsub_v12_0_14(c_xdevicefami...]
Compiling architecture fm_mod_c_addsub_v12_0_i0_arch of entity xil_defaultlib.fm_mod_c_addsub_v12_0_i0 [fm_mod_c_addsub_v12_0_i0_default]
Compiling architecture behavior of entity xil_defaultlib.fm_mod_xladdsub [\fm_mod_xladdsub(core_name0="fm_...]
Compiling architecture structural of entity c_reg_fd_v12_0_6.c_reg_fd_v12_0_6_viv [\c_reg_fd_v12_0_6_viv(c_width=69...]
Compiling architecture rtl of entity c_addsub_v12_0_14.c_addsub_v12_0_14_lut6_legacy [\c_addsub_v12_0_14_lut6_legacy(c...]
Compiling architecture synth of entity c_addsub_v12_0_14.c_addsub_v12_0_14_fabric_legacy [\c_addsub_v12_0_14_fabric_legacy...]
Compiling architecture synth of entity c_addsub_v12_0_14.c_addsub_v12_0_14_legacy [\c_addsub_v12_0_14_legacy(c_fami...]
Compiling architecture synth of entity c_addsub_v12_0_14.c_addsub_v12_0_14_viv [\c_addsub_v12_0_14_viv(c_xdevice...]
Compiling architecture xilinx of entity c_addsub_v12_0_14.c_addsub_v12_0_14 [\c_addsub_v12_0_14(c_xdevicefami...]
Compiling architecture fm_mod_c_addsub_v12_0_i1_arch of entity xil_defaultlib.fm_mod_c_addsub_v12_0_i1 [fm_mod_c_addsub_v12_0_i1_default]
Compiling architecture behavior of entity xil_defaultlib.fm_mod_xladdsub [\fm_mod_xladdsub(core_name0="fm_...]
Compiling architecture behavior of entity xil_defaultlib.sysgen_constant_c86c0e5837 [sysgen_constant_c86c0e5837_defau...]
Compiling architecture structural of entity c_reg_fd_v12_0_6.c_reg_fd_v12_0_6_viv [\c_reg_fd_v12_0_6_viv(c_width=8,...]
Compiling architecture rtl of entity c_addsub_v12_0_14.c_addsub_v12_0_14_lut6_legacy [\c_addsub_v12_0_14_lut6_legacy(c...]
Compiling architecture synth of entity c_addsub_v12_0_14.c_addsub_v12_0_14_fabric_legacy [\c_addsub_v12_0_14_fabric_legacy...]
Compiling architecture synth of entity c_addsub_v12_0_14.c_addsub_v12_0_14_legacy [\c_addsub_v12_0_14_legacy(c_fami...]
Compiling architecture synth of entity c_counter_binary_v12_0_14.c_counter_binary_v12_0_14_legacy [\c_counter_binary_v12_0_14_legac...]
Compiling architecture synth of entity c_counter_binary_v12_0_14.c_counter_binary_v12_0_14_viv [\c_counter_binary_v12_0_14_viv(c...]
Compiling architecture xilinx of entity c_counter_binary_v12_0_14.c_counter_binary_v12_0_14 [\c_counter_binary_v12_0_14(c_xde...]
Compiling architecture fm_mod_c_counter_binary_v12_0_i0_arch of entity xil_defaultlib.fm_mod_c_counter_binary_v12_0_i0 [fm_mod_c_counter_binary_v12_0_i0...]
Compiling architecture behavior of entity xil_defaultlib.fm_mod_xlcounter_limit [\fm_mod_xlcounter_limit(core_nam...]
Compiling architecture synth of entity xbip_pipe_v3_0_6.xbip_pipe_v3_0_6_viv [\xbip_pipe_v3_0_6_viv(c_has_ce=1...]
Compiling architecture synth of entity xbip_pipe_v3_0_6.xbip_pipe_v3_0_6_viv [\xbip_pipe_v3_0_6_viv(c_has_ce=1...]
Compiling architecture synth of entity xbip_pipe_v3_0_6.xbip_pipe_v3_0_6_viv [\xbip_pipe_v3_0_6_viv(c_latency=...]
Compiling architecture synth of entity dds_compiler_v6_0_20.pipe_add [\pipe_add(c_width=28,c_seg_width...]
Compiling architecture synth of entity dds_compiler_v6_0_20.accum [\accum(c_xdevicefamily="spartan7...]
Compiling architecture synth of entity dds_compiler_v6_0_20.sin_cos [\sin_cos(c_xdevicefamily="sparta...]
Compiling architecture synth of entity dds_compiler_v6_0_20.dds_compiler_v6_0_20_core [\dds_compiler_v6_0_20_core(c_xde...]
Compiling architecture synth of entity dds_compiler_v6_0_20.dds_compiler_v6_0_20_viv [\dds_compiler_v6_0_20_viv(c_xdev...]
Compiling architecture xilinx of entity dds_compiler_v6_0_20.dds_compiler_v6_0_20 [\dds_compiler_v6_0_20(c_xdevicef...]
Compiling architecture fm_mod_dds_compiler_v6_0_i0_arch of entity xil_defaultlib.fm_mod_dds_compiler_v6_0_i0 [fm_mod_dds_compiler_v6_0_i0_defa...]
Compiling architecture behavior of entity xil_defaultlib.xldds_compiler_fba2213eb2118711e6f2aa1db4522b9e [xldds_compiler_fba2213eb2118711e...]
Compiling architecture synth of entity dds_compiler_v6_0_20.dds_compiler_v6_0_20_core [\dds_compiler_v6_0_20_core(c_xde...]
Compiling architecture synth of entity dds_compiler_v6_0_20.dds_compiler_v6_0_20_viv [\dds_compiler_v6_0_20_viv(c_xdev...]
Compiling architecture xilinx of entity dds_compiler_v6_0_20.dds_compiler_v6_0_20 [\dds_compiler_v6_0_20(c_xdevicef...]
Compiling architecture fm_mod_dds_compiler_v6_0_i1_arch of entity xil_defaultlib.fm_mod_dds_compiler_v6_0_i1 [fm_mod_dds_compiler_v6_0_i1_defa...]
Compiling architecture behavior of entity xil_defaultlib.xldds_compiler_8d27e250510b734fc4407a2f0f5343ae [xldds_compiler_8d27e250510b734fc...]
Compiling architecture behavior of entity xil_defaultlib.sysgen_delay_3b6ffba94c [sysgen_delay_3b6ffba94c_default]
Compiling architecture behavior of entity xil_defaultlib.sysgen_delay_0373593e96 [sysgen_delay_0373593e96_default]
Compiling architecture synth of entity fir_compiler_v7_2_15.cntrl_delay [\cntrl_delay(c_delay_len=0,c_mem...]
Compiling architecture synth of entity fir_compiler_v7_2_15.sp_mem [\sp_mem(c_xdevicefamily="spartan...]
Compiling architecture synth of entity fir_compiler_v7_2_15.sp_mem [\sp_mem(c_xdevicefamily="spartan...]
Compiling architecture synth of entity fir_compiler_v7_2_15.filt_mem [\filt_mem(c_xdevicefamily="spart...]
Compiling architecture synth of entity fir_compiler_v7_2_15.sp_mem [\sp_mem(c_xdevicefamily="spartan...]
Compiling architecture synth of entity fir_compiler_v7_2_15.sp_mem [\sp_mem(c_xdevicefamily="spartan...]
Compiling architecture synth of entity fir_compiler_v7_2_15.filt_mem [\filt_mem(c_xdevicefamily="spart...]
Compiling architecture synth of entity fir_compiler_v7_2_15.delay [\delay(c_delay_len=5,c_xdevicefa...]
Compiling architecture synth of entity fir_compiler_v7_2_15.buff [\buff(c_xdevicefamily="spartan7"...]
Compiling architecture synth of entity fir_compiler_v7_2_15.delay [\delay(c_delay_len=3,c_xdevicefa...]
Compiling architecture synth of entity fir_compiler_v7_2_15.delay [\delay(c_delay_len=1,c_xdevicefa...]
Compiling architecture synth of entity fir_compiler_v7_2_15.delay [\delay(c_delay_len=0,c_xdevicefa...]
Compiling architecture synth of entity fir_compiler_v7_2_15.delay [\delay(c_delay_len=6,c_xdevicefa...]
Compiling architecture synth of entity fir_compiler_v7_2_15.buff [\buff(c_xdevicefamily="spartan7"...]
Compiling architecture synth of entity fir_compiler_v7_2_15.delay [\delay(c_delay_len=0,c_xdevicefa...]
Compiling architecture dsp48e1_v of entity unisim.DSP48E1 [\DSP48E1(mask="11111111111111111...]
Compiling architecture synth of entity fir_compiler_v7_2_15.calc [\calc(c_xdevicefamily="spartan7"...]
Compiling architecture synth of entity fir_compiler_v7_2_15.addsub_mult_add [\addsub_mult_add(c_xdevicefamily...]
Compiling architecture synth of entity fir_compiler_v7_2_15.delay [\delay(c_delay_len=0,c_xdevicefa...]
Compiling architecture synth of entity fir_compiler_v7_2_15.addsub_mult_add [\addsub_mult_add(c_xdevicefamily...]
Compiling architecture synth of entity fir_compiler_v7_2_15.dpr_mem [\dpr_mem(c_xdevicefamily="sparta...]
Compiling architecture synth of entity fir_compiler_v7_2_15.delay [\delay(c_delay_len=4,c_xdevicefa...]
Compiling architecture synth of entity fir_compiler_v7_2_15.delay [\delay(c_delay_len=1,c_xdevicefa...]
Compiling architecture synth of entity fir_compiler_v7_2_15.delay [\delay(c_delay_len=1,c_xdevicefa...]
Compiling architecture synth of entity fir_compiler_v7_2_15.wrap_buff [\wrap_buff(c_xdevicefamily="spar...]
Compiling architecture dsp48e1_v of entity unisim.DSP48E1 [\DSP48E1(inmodereg=0,mask="11111...]
Compiling architecture synth of entity fir_compiler_v7_2_15.delay [\delay(c_delay_len=0,c_xdevicefa...]
Compiling architecture synth of entity fir_compiler_v7_2_15.delay [\delay(c_delay_len=0,c_xdevicefa...]
Compiling architecture synth of entity fir_compiler_v7_2_15.calc [\calc(c_xdevicefamily="spartan7"...]
Compiling architecture synth of entity fir_compiler_v7_2_15.add_accum [\add_accum(c_xdevicefamily="spar...]
Compiling architecture synth of entity fir_compiler_v7_2_15.delay [\delay(c_delay_len=0,c_xdevicefa...]
Compiling architecture synth of entity fir_compiler_v7_2_15.delay [\delay(c_delay_len=0,c_xdevicefa...]
Compiling architecture synth of entity fir_compiler_v7_2_15.delay [\delay(c_delay_len=2,c_xdevicefa...]
Compiling architecture synth of entity fir_compiler_v7_2_15.delay [\delay(c_delay_len=0,c_xdevicefa...]
Compiling architecture synth of entity fir_compiler_v7_2_15.delay [\delay(c_delay_len=1,c_xdevicefa...]
Compiling architecture synth of entity fir_compiler_v7_2_15.delay [\delay(c_delay_len=0,c_xdevicefa...]
Compiling architecture synth of entity fir_compiler_v7_2_15.delay [\delay(c_delay_len=6,c_xdevicefa...]
Compiling architecture synth of entity fir_compiler_v7_2_15.delay [\delay(c_delay_len=8,c_xdevicefa...]
Compiling architecture synth of entity fir_compiler_v7_2_15.polyphase_decimation [\polyphase_decimation(c_xdevicef...]
Compiling architecture synth of entity fir_compiler_v7_2_15.fir_compiler_v7_2_15_viv [\fir_compiler_v7_2_15_viv(c_xdev...]
Compiling architecture xilinx of entity fir_compiler_v7_2_15.fir_compiler_v7_2_15 [\fir_compiler_v7_2_15(c_xdevicef...]
Compiling architecture fm_mod_fir_compiler_v7_2_i0_arch of entity xil_defaultlib.fm_mod_fir_compiler_v7_2_i0 [fm_mod_fir_compiler_v7_2_i0_defa...]
Compiling architecture behavior of entity xil_defaultlib.xlfir_compiler_20a13b4de60d02eef39fcfc6984802e2 [xlfir_compiler_20a13b4de60d02eef...]
Compiling architecture synth of entity fir_compiler_v7_2_15.sp_mem [\sp_mem(c_xdevicefamily="spartan...]
Compiling architecture synth of entity fir_compiler_v7_2_15.sp_mem [\sp_mem(c_xdevicefamily="spartan...]
Compiling architecture synth of entity fir_compiler_v7_2_15.filt_mem [\filt_mem(c_xdevicefamily="spart...]
Compiling architecture synth of entity fir_compiler_v7_2_15.sp_mem [\sp_mem(c_xdevicefamily="spartan...]
Compiling architecture synth of entity fir_compiler_v7_2_15.sp_mem [\sp_mem(c_xdevicefamily="spartan...]
Compiling architecture synth of entity fir_compiler_v7_2_15.filt_mem [\filt_mem(c_xdevicefamily="spart...]
Compiling architecture synth of entity fir_compiler_v7_2_15.sp_mem [\sp_mem(c_xdevicefamily="spartan...]
Compiling architecture synth of entity fir_compiler_v7_2_15.sp_mem [\sp_mem(c_xdevicefamily="spartan...]
Compiling architecture synth of entity fir_compiler_v7_2_15.filt_mem [\filt_mem(c_xdevicefamily="spart...]
Compiling architecture synth of entity fir_compiler_v7_2_15.delay [\delay(c_delay_len=5,c_xdevicefa...]
Compiling architecture synth of entity fir_compiler_v7_2_15.buff [\buff(c_xdevicefamily="spartan7"...]
Compiling architecture synth of entity fir_compiler_v7_2_15.delay [\delay(c_delay_len=4,c_xdevicefa...]
Compiling architecture synth of entity fir_compiler_v7_2_15.delay [\delay(c_delay_len=3,c_xdevicefa...]
Compiling architecture synth of entity fir_compiler_v7_2_15.delay [\delay(c_delay_len=2,c_xdevicefa...]
Compiling architecture synth of entity fir_compiler_v7_2_15.delay [\delay(c_delay_len=1,c_xdevicefa...]
Compiling architecture synth of entity fir_compiler_v7_2_15.delay [\delay(c_delay_len=0,c_xdevicefa...]
Compiling architecture synth of entity fir_compiler_v7_2_15.delay [\delay(c_delay_len=6,c_xdevicefa...]
Compiling architecture synth of entity fir_compiler_v7_2_15.buff [\buff(c_xdevicefamily="spartan7"...]
Compiling architecture synth of entity fir_compiler_v7_2_15.calc [\calc(c_xdevicefamily="spartan7"...]
Compiling architecture synth of entity fir_compiler_v7_2_15.addsub_mult_add [\addsub_mult_add(c_xdevicefamily...]
Compiling architecture synth of entity fir_compiler_v7_2_15.addsub_mult_add [\addsub_mult_add(c_xdevicefamily...]
Compiling architecture synth of entity fir_compiler_v7_2_15.dpr_mem [\dpr_mem(c_xdevicefamily="sparta...]
Compiling architecture synth of entity fir_compiler_v7_2_15.wrap_buff [\wrap_buff(c_xdevicefamily="spar...]
Compiling architecture synth of entity fir_compiler_v7_2_15.delay [\delay(c_delay_len=0,c_xdevicefa...]
Compiling architecture synth of entity fir_compiler_v7_2_15.calc [\calc(c_xdevicefamily="spartan7"...]
Compiling architecture synth of entity fir_compiler_v7_2_15.add_accum [\add_accum(c_xdevicefamily="spar...]
Compiling architecture synth of entity fir_compiler_v7_2_15.delay [\delay(c_delay_len=0,c_xdevicefa...]
Compiling architecture synth of entity fir_compiler_v7_2_15.delay [\delay(c_delay_len=5,c_xdevicefa...]
Compiling architecture synth of entity fir_compiler_v7_2_15.buff [\buff(c_xdevicefamily="spartan7"...]
Compiling architecture synth of entity fir_compiler_v7_2_15.delay [\delay(c_delay_len=4,c_xdevicefa...]
Compiling architecture synth of entity fir_compiler_v7_2_15.delay [\delay(c_delay_len=3,c_xdevicefa...]
Compiling architecture synth of entity fir_compiler_v7_2_15.delay [\delay(c_delay_len=2,c_xdevicefa...]
Compiling architecture synth of entity fir_compiler_v7_2_15.delay [\delay(c_delay_len=1,c_xdevicefa...]
Compiling architecture synth of entity fir_compiler_v7_2_15.delay [\delay(c_delay_len=6,c_xdevicefa...]
Compiling architecture synth of entity fir_compiler_v7_2_15.buff [\buff(c_xdevicefamily="spartan7"...]
Compiling architecture synth of entity fir_compiler_v7_2_15.calc [\calc(c_xdevicefamily="spartan7"...]
Compiling architecture synth of entity fir_compiler_v7_2_15.addsub_mult_add [\addsub_mult_add(c_xdevicefamily...]
Compiling architecture synth of entity fir_compiler_v7_2_15.addsub_mult_add [\addsub_mult_add(c_xdevicefamily...]
Compiling architecture synth of entity fir_compiler_v7_2_15.dpr_mem [\dpr_mem(c_xdevicefamily="sparta...]
Compiling architecture synth of entity fir_compiler_v7_2_15.wrap_buff [\wrap_buff(c_xdevicefamily="spar...]
Compiling architecture synth of entity fir_compiler_v7_2_15.delay [\delay(c_delay_len=12,c_xdevicef...]
Compiling architecture synth of entity fir_compiler_v7_2_15.delay [\delay(c_delay_len=2,c_xdevicefa...]
Compiling architecture synth of entity fir_compiler_v7_2_15.delay [\delay(c_delay_len=10,c_xdevicef...]
Compiling architecture synth of entity fir_compiler_v7_2_15.delay [\delay(c_delay_len=0,c_xdevicefa...]
Compiling architecture synth of entity fir_compiler_v7_2_15.delay [\delay(c_delay_len=0,c_xdevicefa...]
Compiling architecture synth of entity fir_compiler_v7_2_15.calc [\calc(c_xdevicefamily="spartan7"...]
Compiling architecture synth of entity fir_compiler_v7_2_15.add_accum [\add_accum(c_xdevicefamily="spar...]
Compiling architecture synth of entity fir_compiler_v7_2_15.delay [\delay(c_delay_len=2,c_xdevicefa...]
Compiling architecture synth of entity fir_compiler_v7_2_15.ext_mult [\ext_mult(c_xdevicefamily="spart...]
Compiling architecture synth of entity fir_compiler_v7_2_15.polyphase_decimation [\polyphase_decimation(c_xdevicef...]
Compiling architecture synth of entity fir_compiler_v7_2_15.fir_compiler_v7_2_15_viv [\fir_compiler_v7_2_15_viv(c_xdev...]
Compiling architecture xilinx of entity fir_compiler_v7_2_15.fir_compiler_v7_2_15 [\fir_compiler_v7_2_15(c_xdevicef...]
Compiling architecture fm_mod_fir_compiler_v7_2_i1_arch of entity xil_defaultlib.fm_mod_fir_compiler_v7_2_i1 [fm_mod_fir_compiler_v7_2_i1_defa...]
Compiling architecture behavior of entity xil_defaultlib.xlfir_compiler_f7ba47f5e9b76f2641a775af35a54d40 [xlfir_compiler_f7ba47f5e9b76f264...]
Compiling architecture xilinx of entity mult_gen_v12_0_16.delay_line [\delay_line(c_xdevicefamily="spa...]
Compiling architecture xilinx of entity mult_gen_v12_0_16.op_resize [\op_resize(ai_width=8,bi_width=8...]
Compiling architecture xilinx of entity mult_gen_v12_0_16.dsp [\dsp(c_xdevicefamily="spartan7",...]
Compiling architecture xilinx of entity mult_gen_v12_0_16.mult_gen_v12_0_16_viv [\mult_gen_v12_0_16_viv(c_verbosi...]
Compiling architecture xilinx of entity mult_gen_v12_0_16.mult_gen_v12_0_16 [\mult_gen_v12_0_16(c_xdevicefami...]
Compiling architecture fm_mod_mult_gen_v12_0_i0_arch of entity xil_defaultlib.fm_mod_mult_gen_v12_0_i0 [fm_mod_mult_gen_v12_0_i0_default]
Compiling architecture behavior of entity xil_defaultlib.fm_mod_xlmult [\fm_mod_xlmult(core_name0="fm_mo...]
Compiling architecture xilinx of entity mult_gen_v12_0_16.delay_line [\delay_line(c_xdevicefamily="spa...]
Compiling architecture xilinx of entity mult_gen_v12_0_16.delay_line [\delay_line(c_xdevicefamily="spa...]
Compiling architecture xilinx of entity mult_gen_v12_0_16.delay_line [\delay_line(c_xdevicefamily="spa...]
Compiling architecture xilinx of entity mult_gen_v12_0_16.delay_line [\delay_line(c_xdevicefamily="spa...]
Compiling architecture dsp48e1_v of entity unisim.DSP48E1 [\DSP48E1(alumodereg=0,carryinreg...]
Compiling architecture xilinx of entity mult_gen_v12_0_16.delay_line [\delay_line(c_xdevicefamily="spa...]
Compiling architecture xilinx of entity mult_gen_v12_0_16.delay_line [\delay_line(c_xdevicefamily="spa...]
Compiling architecture dsp48e1_v of entity unisim.DSP48E1 [\DSP48E1(acascreg=0,areg=0,a_inp...]
Compiling architecture dsp48e1_v of entity unisim.DSP48E1 [\DSP48E1(acascreg=2,alumodereg=0...]
Compiling architecture dsp48e1_v of entity unisim.DSP48E1 [\DSP48E1(acascreg=0,alumodereg=0...]
Compiling architecture dsp48e1_v of entity unisim.DSP48E1 [\DSP48E1(alumodereg=0,bcascreg=2...]
Compiling architecture dsp48e1_v of entity unisim.DSP48E1 [\DSP48E1(alumodereg=0,a_input="C...]
Compiling architecture xilinx of entity mult_gen_v12_0_16.op_resize [\op_resize(ai_width=53,bi_width=...]
Compiling architecture xilinx of entity mult_gen_v12_0_16.dsp [\dsp(c_xdevicefamily="spartan7",...]
Compiling architecture xilinx of entity mult_gen_v12_0_16.mult_gen_v12_0_16_viv [\mult_gen_v12_0_16_viv(c_verbosi...]
Compiling architecture xilinx of entity mult_gen_v12_0_16.mult_gen_v12_0_16 [\mult_gen_v12_0_16(c_xdevicefami...]
Compiling architecture fm_mod_mult_gen_v12_0_i1_arch of entity xil_defaultlib.fm_mod_mult_gen_v12_0_i1 [fm_mod_mult_gen_v12_0_i1_default]
Compiling architecture behavior of entity xil_defaultlib.fm_mod_xlmult [\fm_mod_xlmult(core_name0="fm_mo...]
Compiling architecture xilinx of entity mult_gen_v12_0_16.op_resize [\op_resize(ai_width=34,bi_width=...]
Compiling architecture xilinx of entity mult_gen_v12_0_16.dsp [\dsp(c_xdevicefamily="spartan7",...]
Compiling architecture xilinx of entity mult_gen_v12_0_16.mult_gen_v12_0_16_viv [\mult_gen_v12_0_16_viv(c_verbosi...]
Compiling architecture xilinx of entity mult_gen_v12_0_16.mult_gen_v12_0_16 [\mult_gen_v12_0_16(c_xdevicefami...]
Compiling architecture fm_mod_mult_gen_v12_0_i2_arch of entity xil_defaultlib.fm_mod_mult_gen_v12_0_i2 [fm_mod_mult_gen_v12_0_i2_default]
Compiling architecture behavior of entity xil_defaultlib.fm_mod_xlmult [\fm_mod_xlmult(core_name0="fm_mo...]
Compiling architecture structural of entity xil_defaultlib.single_reg_w_init [\single_reg_w_init(width=68,init...]
Compiling architecture structural of entity xil_defaultlib.synth_reg_w_init [\synth_reg_w_init(width=68,init_...]
Compiling architecture behavior of entity xil_defaultlib.fm_mod_xlregister [\fm_mod_xlregister(d_width=68,in...]
Compiling architecture behavior of entity xil_defaultlib.sysgen_relational_7d189a9532 [sysgen_relational_7d189a9532_def...]
Compiling architecture behavior of entity xil_defaultlib.sysgen_scale_272f658ca5 [sysgen_scale_272f658ca5_default]
Compiling architecture structural of entity xil_defaultlib.fm_mod_struct [fm_mod_struct_default]
Compiling architecture structural of entity xil_defaultlib.fm_mod [fm_mod_default]
Compiling architecture fm_mod_0_arch of entity xil_defaultlib.fm_mod_0 [fm_mod_0_default]
Compiling architecture ila_0_arch of entity xil_defaultlib.ila_0 [ila_0_default]
Compiling architecture behavioral of entity xil_defaultlib.fm_modulator_dac_toplevel
Built simulation snapshot FM_Modulator_DAC_TopLevel_behav
