Copyright 1986-2020 Xilinx, Inc. All Rights Reserved.
-------------------------------------------------------------------------------------------------------------------------------------------------------------------------------------------------
| Tool Version     : Vivado v.2020.2 (win64) Build 3064766 Wed Nov 18 09:12:45 MST 2020
| Date             : Fri Apr 17 11:42:44 2026
| Host             : DVANOFFICE-071 running 64-bit major release  (build 9200)
| Command          : report_power -file FM_Modulator_DAC_TopLevel_power_routed.rpt -pb FM_Modulator_DAC_TopLevel_power_summary_routed.pb -rpx FM_Modulator_DAC_TopLevel_power_routed.rpx
| Design           : FM_Modulator_DAC_TopLevel
| Device           : xc7s50csga324-1
| Design State     : routed
| Grade            : commercial
| Process          : typical
| Characterization : Production
-------------------------------------------------------------------------------------------------------------------------------------------------------------------------------------------------

Power Report

Table of Contents
-----------------
1. Summary
1.1 On-Chip Components
1.2 Power Supply Summary
1.3 Confidence Level
2. Settings
2.1 Environment
2.2 Clock Constraints
3. Detailed Reports
3.1 By Hierarchy

1. Summary
----------

+--------------------------+--------------+
| Total On-Chip Power (W)  | 0.290        |
| Design Power Budget (W)  | Unspecified* |
| Power Budget Margin (W)  | NA           |
| Dynamic (W)              | 0.216        |
| Device Static (W)        | 0.073        |
| Effective TJA (C/W)      | 4.9          |
| Max Ambient (C)          | 83.6         |
| Junction Temperature (C) | 26.4         |
| Confidence Level         | Medium       |
| Setting File             | ---          |
| Simulation Activity File | ---          |
| Design Nets Matched      | NA           |
+--------------------------+--------------+
* Specify Design Power Budget using, set_operating_conditions -design_power_budget <value in Watts>


1.1 On-Chip Components
----------------------

+--------------------------+-----------+----------+-----------+-----------------+
| On-Chip                  | Power (W) | Used     | Available | Utilization (%) |
+--------------------------+-----------+----------+-----------+-----------------+
| Clocks                   |     0.027 |       13 |       --- |             --- |
| Slice Logic              |     0.010 |     9993 |       --- |             --- |
|   LUT as Logic           |     0.007 |     1708 |     32600 |            5.24 |
|   Register               |     0.001 |     4941 |     65200 |            7.58 |
|   CARRY4                 |    <0.001 |      142 |      8150 |            1.74 |
|   LUT as Shift Register  |    <0.001 |      877 |      9600 |            9.14 |
|   LUT as Distributed RAM |    <0.001 |      128 |      9600 |            1.33 |
|   F7/F8 Muxes            |    <0.001 |       29 |     32600 |            0.09 |
|   Others                 |     0.000 |     1006 |       --- |             --- |
| Signals                  |     0.016 |     8603 |       --- |             --- |
| Block RAM                |     0.015 |     26.5 |        75 |           35.33 |
| MMCM                     |     0.107 |        1 |         5 |           20.00 |
| DSPs                     |     0.042 |       54 |       120 |           45.00 |
| I/O                      |     0.002 |       16 |       210 |            7.62 |
| Static Power             |     0.073 |          |           |                 |
| Total                    |     0.290 |          |           |                 |
+--------------------------+-----------+----------+-----------+-----------------+


1.2 Power Supply Summary
------------------------

+-----------+-------------+-----------+-------------+------------+-------------+-------------+------------+
| Source    | Voltage (V) | Total (A) | Dynamic (A) | Static (A) | Powerup (A) | Budget (A)  | Margin (A) |
+-----------+-------------+-----------+-------------+------------+-------------+-------------+------------+
| Vccint    |       1.000 |     0.119 |       0.108 |      0.011 |       NA    | Unspecified | NA         |
| Vccaux    |       1.800 |     0.071 |       0.059 |      0.013 |       NA    | Unspecified | NA         |
| Vcco33    |       3.300 |     0.001 |       0.000 |      0.001 |       NA    | Unspecified | NA         |
| Vcco25    |       2.500 |     0.000 |       0.000 |      0.000 |       NA    | Unspecified | NA         |
| Vcco18    |       1.800 |     0.000 |       0.000 |      0.000 |       NA    | Unspecified | NA         |
| Vcco15    |       1.500 |     0.000 |       0.000 |      0.000 |       NA    | Unspecified | NA         |
| Vcco135   |       1.350 |     0.000 |       0.000 |      0.000 |       NA    | Unspecified | NA         |
| Vcco12    |       1.200 |     0.000 |       0.000 |      0.000 |       NA    | Unspecified | NA         |
| Vccaux_io |       1.800 |     0.000 |       0.000 |      0.000 |       NA    | Unspecified | NA         |
| Vccbram   |       1.000 |     0.002 |       0.001 |      0.001 |       NA    | Unspecified | NA         |
| Vccadc    |       1.800 |     0.020 |       0.000 |      0.020 |       NA    | Unspecified | NA         |
+-----------+-------------+-----------+-------------+------------+-------------+-------------+------------+


1.3 Confidence Level
--------------------

+-----------------------------+------------+-------------------------------------------------------+------------------------------------------------------------------------------------------------------------+
| User Input Data             | Confidence | Details                                               | Action                                                                                                     |
+-----------------------------+------------+-------------------------------------------------------+------------------------------------------------------------------------------------------------------------+
| Design implementation state | High       | Design is routed                                      |                                                                                                            |
| Clock nodes activity        | High       | User specified more than 95% of clocks                |                                                                                                            |
| I/O nodes activity          | Medium     | More than 5% of inputs are missing user specification | Provide missing input activity with simulation results or by editing the "By Resource Type -> I/Os" view   |
| Internal nodes activity     | Medium     | User specified less than 25% of internal nodes        | Provide missing internal nodes activity with simulation results or by editing the "By Resource Type" views |
| Device models               | High       | Device models are Production                          |                                                                                                            |
|                             |            |                                                       |                                                                                                            |
| Overall confidence level    | Medium     |                                                       |                                                                                                            |
+-----------------------------+------------+-------------------------------------------------------+------------------------------------------------------------------------------------------------------------+


2. Settings
-----------

2.1 Environment
---------------

+-----------------------+--------------------------+
| Ambient Temp (C)      | 25.0                     |
| ThetaJA (C/W)         | 4.9                      |
| Airflow (LFM)         | 250                      |
| Heat Sink             | medium (Medium Profile)  |
| ThetaSA (C/W)         | 4.6                      |
| Board Selection       | medium (10"x10")         |
| # of Board Layers     | 12to15 (12 to 15 Layers) |
| Board Temperature (C) | 25.0                     |
+-----------------------+--------------------------+


2.2 Clock Constraints
---------------------

+--------------------------------------------------------------------------------------------+----------------------------------------------------------------------+-----------------+
| Clock                                                                                      | Domain                                                               | Constraint (ns) |
+--------------------------------------------------------------------------------------------+----------------------------------------------------------------------+-----------------+
| clk                                                                                        | clk                                                                  |            10.0 |
| clk_out1_clk_wiz_0                                                                         | Clk_Wizard/inst/clk_out1_clk_wiz_0                                   |            10.0 |
| clk_out1_clk_wiz_0_1                                                                       | Clk_Wizard/inst/clk_out1_clk_wiz_0                                   |            10.0 |
| clk_out2_clk_wiz_0                                                                         | Clk_Wizard/inst/clk_out2_clk_wiz_0                                   |             5.0 |
| clk_out2_clk_wiz_0_1                                                                       | Clk_Wizard/inst/clk_out2_clk_wiz_0                                   |             5.0 |
| clk_out3_clk_wiz_0                                                                         | Clk_Wizard/inst/clk_out3_clk_wiz_0                                   |           100.0 |
| clk_out3_clk_wiz_0_1                                                                       | Clk_Wizard/inst/clk_out3_clk_wiz_0                                   |           100.0 |
| clkfbout_clk_wiz_0                                                                         | Clk_Wizard/inst/clkfbout_clk_wiz_0                                   |            10.0 |
| clkfbout_clk_wiz_0_1                                                                       | Clk_Wizard/inst/clkfbout_clk_wiz_0                                   |            10.0 |
| dbg_hub/inst/BSCANID.u_xsdbm_id/SWITCH_N_EXT_BSCAN.bscan_inst/SERIES7_BSCAN.bscan_inst/TCK | dbg_hub/inst/BSCANID.u_xsdbm_id/SWITCH_N_EXT_BSCAN.bscan_inst/tck_bs |            33.0 |
| sys_clk_pin                                                                                | clk                                                                  |            10.0 |
+--------------------------------------------------------------------------------------------+----------------------------------------------------------------------+-----------------+


3. Detailed Reports
-------------------

3.1 By Hierarchy
----------------

+---------------------------+-----------+
| Name                      | Power (W) |
+---------------------------+-----------+
| FM_Modulator_DAC_TopLevel |     0.216 |
|   AdderSub                |     0.002 |
|     U0                    |     0.002 |
|       xst_addsub          |     0.002 |
|   Clk_Wizard              |     0.107 |
|     inst                  |     0.107 |
|   DDS1                    |     0.003 |
|     U0                    |     0.003 |
|       i_synth             |     0.003 |
|   DDS_0                   |     0.010 |
|     U0                    |     0.010 |
|       i_synth             |     0.010 |
|   FM_DeModul_10P7MHz      |     0.059 |
|     U0                    |     0.059 |
|       fm_mod_struct       |     0.059 |
|   ILA                     |     0.021 |
|     U0                    |     0.021 |
|       ila_core_inst       |     0.021 |
|   Multiplier              |     0.005 |
|     U0                    |     0.005 |
|       i_mult              |     0.005 |
|   dbg_hub                 |     0.005 |
|     inst                  |     0.005 |
|       BSCANID.u_xsdbm_id  |     0.005 |
+---------------------------+-----------+


