
*** Running vivado
    with args -log FM_Modulator_DAC_TopLevel.vdi -applog -m64 -product Vivado -messageDb vivado.pb -mode batch -source FM_Modulator_DAC_TopLevel.tcl -notrace



****** Vivado v2020.2 (64-bit)
  **** SW Build 3064766 on Wed Nov 18 09:12:45 MST 2020
  **** IP Build 3064653 on Wed Nov 18 14:17:31 MST 2020
    ** Copyright 1986-2020 Xilinx, Inc. All Rights Reserved.

source FM_Modulator_DAC_TopLevel.tcl -notrace
INFO: [IP_Flow 19-234] Refreshing IP repositories
INFO: [IP_Flow 19-1700] Loaded user IP repository 'c:/Users/fmabrouk/Documents/GitHub/DDS_FM_Transmitter_100Hz _DAC_2020/FM_Modulation_DAC/FM_Mod/ip'.
INFO: [IP_Flow 19-2313] Loaded Vivado IP repository 'C:/Xilinx/Vivado/2020.2/data/ip'.
WARNING: [IP_Flow 19-4995] The host OS only allows 260 characters in a normal path. The IP cache path is more than 80 characters. If you experience issues with IP caching, please consider changing the IP cache to a location with a shorter path. Alternately consider using the OS subst command to map part of the path to a drive letter. 
Current IP cache path is C:/Users/fmabrouk/Documents/GitHub/DDS_FM_Transmitter_100Hz _DAC_2020/FM_Modulation_DAC/FM_Modulation.runs/impl_1/{C:/Users/fmabrouk/Documents/GitHub/DDS_FM_Transmitter_100Hz _DAC_2020/FM_Modulation_DAC/FM_Modulation.cache/ip} 
Command: link_design -top FM_Modulator_DAC_TopLevel -part xc7s50csga324-1
Design is defaulting to srcset: sources_1
Design is defaulting to constrset: constrs_1
INFO: [Device 21-403] Loading part xc7s50csga324-1
INFO: [Project 1-454] Reading design checkpoint 'c:/Users/fmabrouk/Documents/FPGA/FIR_SysGen/SysGenIP/ip/c_addsub_0_6/c_addsub_0.dcp' for cell 'AdderSub'
INFO: [Project 1-454] Reading design checkpoint 'c:/Users/fmabrouk/Documents/FPGA/FIR_SysGen/SysGenIP/ip/clk_wiz_0_18/clk_wiz_0.dcp' for cell 'Clk_Wizard'
INFO: [Project 1-454] Reading design checkpoint 'c:/Users/fmabrouk/Documents/FPGA/FIR_SysGen/SysGenIP/ip/dds_compiler_1/dds_compiler_1.dcp' for cell 'DDS1'
INFO: [Project 1-454] Reading design checkpoint 'c:/Users/fmabrouk/Documents/FPGA/FIR_SysGen/SysGenIP/ip/dds_compiler_0_5/dds_compiler_0.dcp' for cell 'DDS_0'
INFO: [Project 1-454] Reading design checkpoint 'c:/Users/fmabrouk/Documents/GitHub/DDS_FM_Transmitter_100Hz _DAC_2020/FM_Modulation_DAC/FM_Modulation.srcs/sources_1/ip/fm_mod_0_1/fm_mod_0.dcp' for cell 'FM_DeModul_10P7MHz'
INFO: [Project 1-454] Reading design checkpoint 'c:/Users/fmabrouk/Documents/GitHub/DDS_FM_Transmitter_100Hz _DAC_2020/FM_Modulation_DAC/FM_Modulation.srcs/sources_1/ip/ila_0/ila_0.dcp' for cell 'ILA'
INFO: [Project 1-454] Reading design checkpoint 'c:/Users/fmabrouk/Documents/GitHub/DDS_FM_Transmitter_100Hz _DAC_2020/FM_Modulation_DAC/FM_Modulation.srcs/sources_1/ip/mult_gen/mult_gen.dcp' for cell 'Multiplier'
Netlist sorting complete. Time (s): cpu = 00:00:00 ; elapsed = 00:00:00.351 . Memory (MB): peak = 1092.258 ; gain = 0.000
INFO: [Netlist 29-17] Analyzing 389 Unisim elements for replacement
INFO: [Netlist 29-28] Unisim Transformation completed in 0 CPU seconds
INFO: [Project 1-479] Netlist was created with Vivado 2020.2
INFO: [Project 1-570] Preparing netlist for logic optimization
INFO: [Chipscope 16-324] Core: ILA UUID: 7c6a6fe4-4525-5a57-804f-5689cd836bf4 
Parsing XDC File [c:/Users/fmabrouk/Documents/FPGA/FIR_SysGen/SysGenIP/ip/clk_wiz_0_18/clk_wiz_0_board.xdc] for cell 'Clk_Wizard/inst'
Finished Parsing XDC File [c:/Users/fmabrouk/Documents/FPGA/FIR_SysGen/SysGenIP/ip/clk_wiz_0_18/clk_wiz_0_board.xdc] for cell 'Clk_Wizard/inst'
Parsing XDC File [c:/Users/fmabrouk/Documents/FPGA/FIR_SysGen/SysGenIP/ip/clk_wiz_0_18/clk_wiz_0.xdc] for cell 'Clk_Wizard/inst'
INFO: [Timing 38-35] Done setting XDC timing constraints. [c:/Users/fmabrouk/Documents/FPGA/FIR_SysGen/SysGenIP/ip/clk_wiz_0_18/clk_wiz_0.xdc:57]
INFO: [Timing 38-2] Deriving generated clocks [c:/Users/fmabrouk/Documents/FPGA/FIR_SysGen/SysGenIP/ip/clk_wiz_0_18/clk_wiz_0.xdc:57]
get_clocks: Time (s): cpu = 00:00:09 ; elapsed = 00:00:09 . Memory (MB): peak = 1547.695 ; gain = 455.438
Finished Parsing XDC File [c:/Users/fmabrouk/Documents/FPGA/FIR_SysGen/SysGenIP/ip/clk_wiz_0_18/clk_wiz_0.xdc] for cell 'Clk_Wizard/inst'
Parsing XDC File [c:/Users/fmabrouk/Documents/GitHub/DDS_FM_Transmitter_100Hz _DAC_2020/FM_Modulation_DAC/FM_Modulation.srcs/sources_1/ip/ila_0/ila_v6_2/constraints/ila_impl.xdc] for cell 'ILA/U0'
Finished Parsing XDC File [c:/Users/fmabrouk/Documents/GitHub/DDS_FM_Transmitter_100Hz _DAC_2020/FM_Modulation_DAC/FM_Modulation.srcs/sources_1/ip/ila_0/ila_v6_2/constraints/ila_impl.xdc] for cell 'ILA/U0'
Parsing XDC File [c:/Users/fmabrouk/Documents/GitHub/DDS_FM_Transmitter_100Hz _DAC_2020/FM_Modulation_DAC/FM_Modulation.srcs/sources_1/ip/ila_0/ila_v6_2/constraints/ila.xdc] for cell 'ILA/U0'
Finished Parsing XDC File [c:/Users/fmabrouk/Documents/GitHub/DDS_FM_Transmitter_100Hz _DAC_2020/FM_Modulation_DAC/FM_Modulation.srcs/sources_1/ip/ila_0/ila_v6_2/constraints/ila.xdc] for cell 'ILA/U0'
Parsing XDC File [c:/Users/fmabrouk/Documents/GitHub/DDS_FM_Transmitter_100Hz _DAC_2020/FM_Modulation_DAC/FM_Modulation.srcs/sources_1/ip/fm_mod_0_1/fm_mod_fir_compiler_v7_2_i1/constraints/fir_compiler_v7_2.xdc] for cell 'FM_DeModul_10P7MHz/U0/fm_mod_struct/fir_compiler_7_2_2/fm_mod_fir_compiler_v7_2_i1_instance/U0'
Finished Parsing XDC File [c:/Users/fmabrouk/Documents/GitHub/DDS_FM_Transmitter_100Hz _DAC_2020/FM_Modulation_DAC/FM_Modulation.srcs/sources_1/ip/fm_mod_0_1/fm_mod_fir_compiler_v7_2_i1/constraints/fir_compiler_v7_2.xdc] for cell 'FM_DeModul_10P7MHz/U0/fm_mod_struct/fir_compiler_7_2_2/fm_mod_fir_compiler_v7_2_i1_instance/U0'
Parsing XDC File [c:/Users/fmabrouk/Documents/GitHub/DDS_FM_Transmitter_100Hz _DAC_2020/FM_Modulation_DAC/FM_Modulation.srcs/sources_1/ip/fm_mod_0_1/fm_mod_fir_compiler_v7_2_i1/constraints/fir_compiler_v7_2.xdc] for cell 'FM_DeModul_10P7MHz/U0/fm_mod_struct/fir_compiler_7_2_3/fm_mod_fir_compiler_v7_2_i1_instance/U0'
Finished Parsing XDC File [c:/Users/fmabrouk/Documents/GitHub/DDS_FM_Transmitter_100Hz _DAC_2020/FM_Modulation_DAC/FM_Modulation.srcs/sources_1/ip/fm_mod_0_1/fm_mod_fir_compiler_v7_2_i1/constraints/fir_compiler_v7_2.xdc] for cell 'FM_DeModul_10P7MHz/U0/fm_mod_struct/fir_compiler_7_2_3/fm_mod_fir_compiler_v7_2_i1_instance/U0'
Parsing XDC File [c:/Users/fmabrouk/Documents/GitHub/DDS_FM_Transmitter_100Hz _DAC_2020/FM_Modulation_DAC/FM_Modulation.srcs/sources_1/ip/fm_mod_0_1/fm_mod_fir_compiler_v7_2_i0/constraints/fir_compiler_v7_2.xdc] for cell 'FM_DeModul_10P7MHz/U0/fm_mod_struct/fir_compiler_7_2/fm_mod_fir_compiler_v7_2_i0_instance/U0'
Finished Parsing XDC File [c:/Users/fmabrouk/Documents/GitHub/DDS_FM_Transmitter_100Hz _DAC_2020/FM_Modulation_DAC/FM_Modulation.srcs/sources_1/ip/fm_mod_0_1/fm_mod_fir_compiler_v7_2_i0/constraints/fir_compiler_v7_2.xdc] for cell 'FM_DeModul_10P7MHz/U0/fm_mod_struct/fir_compiler_7_2/fm_mod_fir_compiler_v7_2_i0_instance/U0'
Parsing XDC File [c:/Users/fmabrouk/Documents/GitHub/DDS_FM_Transmitter_100Hz _DAC_2020/FM_Modulation_DAC/FM_Modulation.srcs/sources_1/ip/fm_mod_0_1/fm_mod_fir_compiler_v7_2_i0/constraints/fir_compiler_v7_2.xdc] for cell 'FM_DeModul_10P7MHz/U0/fm_mod_struct/fir_compiler_7_2_1/fm_mod_fir_compiler_v7_2_i0_instance/U0'
Finished Parsing XDC File [c:/Users/fmabrouk/Documents/GitHub/DDS_FM_Transmitter_100Hz _DAC_2020/FM_Modulation_DAC/FM_Modulation.srcs/sources_1/ip/fm_mod_0_1/fm_mod_fir_compiler_v7_2_i0/constraints/fir_compiler_v7_2.xdc] for cell 'FM_DeModul_10P7MHz/U0/fm_mod_struct/fir_compiler_7_2_1/fm_mod_fir_compiler_v7_2_i0_instance/U0'
Parsing XDC File [c:/Users/fmabrouk/Documents/GitHub/DDS_FM_Transmitter_100Hz _DAC_2020/FM_Modulation_DAC/FM_Modulation.srcs/sources_1/ip/fm_mod_0_1/constrs/fm_mod.xdc] for cell 'FM_DeModul_10P7MHz/U0'
Finished Parsing XDC File [c:/Users/fmabrouk/Documents/GitHub/DDS_FM_Transmitter_100Hz _DAC_2020/FM_Modulation_DAC/FM_Modulation.srcs/sources_1/ip/fm_mod_0_1/constrs/fm_mod.xdc] for cell 'FM_DeModul_10P7MHz/U0'
Parsing XDC File [C:/Users/fmabrouk/Documents/GitHub/DDS_FM_Transmitter_100Hz _DAC_2020/VHDL/ArtyS7_UCF.xdc]
WARNING: [Vivado 12-584] No ports matched 'ADC_Data_In[0]'. [C:/Users/fmabrouk/Documents/GitHub/DDS_FM_Transmitter_100Hz _DAC_2020/VHDL/ArtyS7_UCF.xdc:77]
CRITICAL WARNING: [Common 17-55] 'set_property' expects at least one object. [C:/Users/fmabrouk/Documents/GitHub/DDS_FM_Transmitter_100Hz _DAC_2020/VHDL/ArtyS7_UCF.xdc:77]
Resolution: If [get_<value>] was used to populate the object, check to make sure this command returns at least one valid object.
WARNING: [Vivado 12-584] No ports matched 'ADC_Data_In[1]'. [C:/Users/fmabrouk/Documents/GitHub/DDS_FM_Transmitter_100Hz _DAC_2020/VHDL/ArtyS7_UCF.xdc:78]
CRITICAL WARNING: [Common 17-55] 'set_property' expects at least one object. [C:/Users/fmabrouk/Documents/GitHub/DDS_FM_Transmitter_100Hz _DAC_2020/VHDL/ArtyS7_UCF.xdc:78]
Resolution: If [get_<value>] was used to populate the object, check to make sure this command returns at least one valid object.
WARNING: [Vivado 12-584] No ports matched 'ADC_Data_In[2]'. [C:/Users/fmabrouk/Documents/GitHub/DDS_FM_Transmitter_100Hz _DAC_2020/VHDL/ArtyS7_UCF.xdc:79]
CRITICAL WARNING: [Common 17-55] 'set_property' expects at least one object. [C:/Users/fmabrouk/Documents/GitHub/DDS_FM_Transmitter_100Hz _DAC_2020/VHDL/ArtyS7_UCF.xdc:79]
Resolution: If [get_<value>] was used to populate the object, check to make sure this command returns at least one valid object.
WARNING: [Vivado 12-584] No ports matched 'ADC_Data_In[3]'. [C:/Users/fmabrouk/Documents/GitHub/DDS_FM_Transmitter_100Hz _DAC_2020/VHDL/ArtyS7_UCF.xdc:80]
CRITICAL WARNING: [Common 17-55] 'set_property' expects at least one object. [C:/Users/fmabrouk/Documents/GitHub/DDS_FM_Transmitter_100Hz _DAC_2020/VHDL/ArtyS7_UCF.xdc:80]
Resolution: If [get_<value>] was used to populate the object, check to make sure this command returns at least one valid object.
WARNING: [Vivado 12-584] No ports matched 'ADC_Data_In[4]'. [C:/Users/fmabrouk/Documents/GitHub/DDS_FM_Transmitter_100Hz _DAC_2020/VHDL/ArtyS7_UCF.xdc:81]
CRITICAL WARNING: [Common 17-55] 'set_property' expects at least one object. [C:/Users/fmabrouk/Documents/GitHub/DDS_FM_Transmitter_100Hz _DAC_2020/VHDL/ArtyS7_UCF.xdc:81]
Resolution: If [get_<value>] was used to populate the object, check to make sure this command returns at least one valid object.
WARNING: [Vivado 12-584] No ports matched 'ADC_Data_In[5]'. [C:/Users/fmabrouk/Documents/GitHub/DDS_FM_Transmitter_100Hz _DAC_2020/VHDL/ArtyS7_UCF.xdc:82]
CRITICAL WARNING: [Common 17-55] 'set_property' expects at least one object. [C:/Users/fmabrouk/Documents/GitHub/DDS_FM_Transmitter_100Hz _DAC_2020/VHDL/ArtyS7_UCF.xdc:82]
Resolution: If [get_<value>] was used to populate the object, check to make sure this command returns at least one valid object.
WARNING: [Vivado 12-584] No ports matched 'ADC_Data_In[6]'. [C:/Users/fmabrouk/Documents/GitHub/DDS_FM_Transmitter_100Hz _DAC_2020/VHDL/ArtyS7_UCF.xdc:83]
CRITICAL WARNING: [Common 17-55] 'set_property' expects at least one object. [C:/Users/fmabrouk/Documents/GitHub/DDS_FM_Transmitter_100Hz _DAC_2020/VHDL/ArtyS7_UCF.xdc:83]
Resolution: If [get_<value>] was used to populate the object, check to make sure this command returns at least one valid object.
WARNING: [Vivado 12-584] No ports matched 'ADC_Data_In[7]'. [C:/Users/fmabrouk/Documents/GitHub/DDS_FM_Transmitter_100Hz _DAC_2020/VHDL/ArtyS7_UCF.xdc:84]
CRITICAL WARNING: [Common 17-55] 'set_property' expects at least one object. [C:/Users/fmabrouk/Documents/GitHub/DDS_FM_Transmitter_100Hz _DAC_2020/VHDL/ArtyS7_UCF.xdc:84]
Resolution: If [get_<value>] was used to populate the object, check to make sure this command returns at least one valid object.
WARNING: [Vivado 12-584] No ports matched 'ADC_Clk_10MHz'. [C:/Users/fmabrouk/Documents/GitHub/DDS_FM_Transmitter_100Hz _DAC_2020/VHDL/ArtyS7_UCF.xdc:99]
CRITICAL WARNING: [Common 17-55] 'set_property' expects at least one object. [C:/Users/fmabrouk/Documents/GitHub/DDS_FM_Transmitter_100Hz _DAC_2020/VHDL/ArtyS7_UCF.xdc:99]
Resolution: If [get_<value>] was used to populate the object, check to make sure this command returns at least one valid object.
WARNING: [Vivado 12-507] No nets matched 'ADC_Clk_10MHz'. [C:/Users/fmabrouk/Documents/GitHub/DDS_FM_Transmitter_100Hz _DAC_2020/VHDL/ArtyS7_UCF.xdc:100]
CRITICAL WARNING: [Common 17-55] 'set_property' expects at least one object. [C:/Users/fmabrouk/Documents/GitHub/DDS_FM_Transmitter_100Hz _DAC_2020/VHDL/ArtyS7_UCF.xdc:100]
Resolution: If [get_<value>] was used to populate the object, check to make sure this command returns at least one valid object.
Finished Parsing XDC File [C:/Users/fmabrouk/Documents/GitHub/DDS_FM_Transmitter_100Hz _DAC_2020/VHDL/ArtyS7_UCF.xdc]
INFO: [Opt 31-138] Pushed 0 inverter(s) to 0 load pin(s).
Netlist sorting complete. Time (s): cpu = 00:00:00 ; elapsed = 00:00:00.008 . Memory (MB): peak = 1547.695 ; gain = 0.000
INFO: [Project 1-111] Unisim Transformation Summary:
  A total of 138 instances were transformed.
  CFGLUT5 => CFGLUT5 (SRL16E, SRLC32E): 36 instances
  RAM16X1D => RAM32X1D (RAMD32(x2)): 102 instances

20 Infos, 11 Warnings, 10 Critical Warnings and 0 Errors encountered.
link_design completed successfully
link_design: Time (s): cpu = 00:00:24 ; elapsed = 00:00:27 . Memory (MB): peak = 1547.695 ; gain = 455.438
INFO: [Common 17-600] The following parameters have non-default value.
tcl.collectionResultDisplayLimit
Command: opt_design
Attempting to get a license for feature 'Implementation' and/or device 'xc7s50'
INFO: [Common 17-349] Got license for feature 'Implementation' and/or device 'xc7s50'
Running DRC as a precondition to command opt_design

Starting DRC Task
INFO: [DRC 23-27] Running DRC with 2 threads
INFO: [Project 1-461] DRC finished with 0 Errors
INFO: [Project 1-462] Please refer to the DRC report (report_drc) for more information.

Time (s): cpu = 00:00:02 ; elapsed = 00:00:01 . Memory (MB): peak = 1547.695 ; gain = 0.000

Starting Cache Timing Information Task
INFO: [Timing 38-35] Done setting XDC timing constraints.
INFO: [Timing 38-2] Deriving generated clocks
Ending Cache Timing Information Task | Checksum: 118e2b3ac

Time (s): cpu = 00:00:01 ; elapsed = 00:00:00.949 . Memory (MB): peak = 1566.641 ; gain = 18.945

Starting Logic Optimization Task

Phase 1 Generate And Synthesize Debug Cores
INFO: [Chipscope 16-329] Generating Script for core instance : dbg_hub 
INFO: [IP_Flow 19-3806] Processing IP xilinx.com:ip:xsdbm:3.0 for cell dbg_hub_CV.
Netlist sorting complete. Time (s): cpu = 00:00:00 ; elapsed = 00:00:00.039 . Memory (MB): peak = 1824.867 ; gain = 0.000
Phase 1 Generate And Synthesize Debug Cores | Checksum: 1557ab088

Time (s): cpu = 00:00:03 ; elapsed = 00:01:51 . Memory (MB): peak = 1824.867 ; gain = 44.691

Phase 2 Retarget
INFO: [Opt 31-138] Pushed 0 inverter(s) to 0 load pin(s).
INFO: [Opt 31-49] Retargeted 0 cell(s).
Phase 2 Retarget | Checksum: 18a18342e

Time (s): cpu = 00:00:04 ; elapsed = 00:01:51 . Memory (MB): peak = 1824.867 ; gain = 44.691
INFO: [Opt 31-389] Phase Retarget created 51 cells and removed 62 cells
INFO: [Opt 31-1021] In phase Retarget, 64 netlist objects are constrained preventing optimization. Please run opt_design with -debug_log to get more detail. 

Phase 3 Constant propagation
INFO: [Opt 31-138] Pushed 0 inverter(s) to 0 load pin(s).
Phase 3 Constant propagation | Checksum: 160bef1a8

Time (s): cpu = 00:00:04 ; elapsed = 00:01:52 . Memory (MB): peak = 1824.867 ; gain = 44.691
INFO: [Opt 31-389] Phase Constant propagation created 7 cells and removed 49 cells
INFO: [Opt 31-1021] In phase Constant propagation, 47 netlist objects are constrained preventing optimization. Please run opt_design with -debug_log to get more detail. 

Phase 4 Sweep
Phase 4 Sweep | Checksum: 19d0a9426

Time (s): cpu = 00:00:04 ; elapsed = 00:01:52 . Memory (MB): peak = 1824.867 ; gain = 44.691
INFO: [Opt 31-389] Phase Sweep created 0 cells and removed 395 cells
INFO: [Opt 31-1021] In phase Sweep, 883 netlist objects are constrained preventing optimization. Please run opt_design with -debug_log to get more detail. 

Phase 5 BUFG optimization
Phase 5 BUFG optimization | Checksum: 19d0a9426

Time (s): cpu = 00:00:05 ; elapsed = 00:01:52 . Memory (MB): peak = 1824.867 ; gain = 44.691
INFO: [Opt 31-662] Phase BUFG optimization created 0 cells of which 0 are BUFGs and removed 0 cells.

Phase 6 Shift Register Optimization
INFO: [Opt 31-1064] SRL Remap converted 0 SRLs to 0 registers and converted 0 registers of register chains to 0 SRLs
Phase 6 Shift Register Optimization | Checksum: 24f4d852d

Time (s): cpu = 00:00:05 ; elapsed = 00:01:53 . Memory (MB): peak = 1824.867 ; gain = 44.691
INFO: [Opt 31-389] Phase Shift Register Optimization created 34 cells and removed 68 cells

Phase 7 Post Processing Netlist
Phase 7 Post Processing Netlist | Checksum: 1962204f2

Time (s): cpu = 00:00:05 ; elapsed = 00:01:53 . Memory (MB): peak = 1824.867 ; gain = 44.691
INFO: [Opt 31-389] Phase Post Processing Netlist created 0 cells and removed 0 cells
INFO: [Opt 31-1021] In phase Post Processing Netlist, 57 netlist objects are constrained preventing optimization. Please run opt_design with -debug_log to get more detail. 
Opt_design Change Summary
=========================


-------------------------------------------------------------------------------------------------------------------------
|  Phase                        |  #Cells created  |  #Cells Removed  |  #Constrained objects preventing optimizations  |
-------------------------------------------------------------------------------------------------------------------------
|  Retarget                     |              51  |              62  |                                             64  |
|  Constant propagation         |               7  |              49  |                                             47  |
|  Sweep                        |               0  |             395  |                                            883  |
|  BUFG optimization            |               0  |               0  |                                              0  |
|  Shift Register Optimization  |              34  |              68  |                                              0  |
|  Post Processing Netlist      |               0  |               0  |                                             57  |
-------------------------------------------------------------------------------------------------------------------------



Starting Connectivity Check Task

Time (s): cpu = 00:00:00 ; elapsed = 00:00:00.014 . Memory (MB): peak = 1824.867 ; gain = 0.000
Ending Logic Optimization Task | Checksum: 1d886f430

Time (s): cpu = 00:00:05 ; elapsed = 00:01:53 . Memory (MB): peak = 1824.867 ; gain = 44.691

Starting Power Optimization Task
INFO: [Pwropt 34-132] Skipping clock gating for clocks with a period < 2.00 ns.
INFO: [Timing 38-35] Done setting XDC timing constraints.
Running Vector-less Activity Propagation...
INFO: [Pwropt 34-9] Applying IDT optimizations ...
INFO: [Pwropt 34-10] Applying ODC optimizations ...

Finished Running Vector-less Activity Propagation


Starting PowerOpt Patch Enables Task
INFO: [Pwropt 34-162] WRITE_MODE attribute of 0 BRAM(s) out of a total of 28 has been updated to save power. Run report_power_opt to get a complete listing of the BRAMs updated.
INFO: [Pwropt 34-201] Structural ODC has moved 0 WE to EN ports
Number of BRAM Ports augmented: 52 newly gated: 0 Total Ports: 56
Number of Flops added for Enable Generation: 2

Ending PowerOpt Patch Enables Task | Checksum: 13c582bc8

Time (s): cpu = 00:00:00 ; elapsed = 00:00:00.246 . Memory (MB): peak = 1947.715 ; gain = 0.000
Ending Power Optimization Task | Checksum: 13c582bc8

Time (s): cpu = 00:00:08 ; elapsed = 00:00:05 . Memory (MB): peak = 1947.715 ; gain = 122.848

Starting Final Cleanup Task

Starting Logic Optimization Task
INFO: [Timing 38-35] Done setting XDC timing constraints.
Ending Logic Optimization Task | Checksum: 14238936b

Time (s): cpu = 00:00:02 ; elapsed = 00:00:02 . Memory (MB): peak = 1947.715 ; gain = 0.000
Ending Final Cleanup Task | Checksum: 14238936b

Time (s): cpu = 00:00:06 ; elapsed = 00:00:05 . Memory (MB): peak = 1947.715 ; gain = 0.000

Starting Netlist Obfuscation Task
Netlist sorting complete. Time (s): cpu = 00:00:00 ; elapsed = 00:00:00.010 . Memory (MB): peak = 1947.715 ; gain = 0.000
Ending Netlist Obfuscation Task | Checksum: 14238936b

Time (s): cpu = 00:00:00 ; elapsed = 00:00:00.010 . Memory (MB): peak = 1947.715 ; gain = 0.000
INFO: [Common 17-83] Releasing license: Implementation
54 Infos, 11 Warnings, 10 Critical Warnings and 0 Errors encountered.
opt_design completed successfully
opt_design: Time (s): cpu = 00:00:25 ; elapsed = 00:02:07 . Memory (MB): peak = 1947.715 ; gain = 400.020
INFO: [Common 17-600] The following parameters have non-default value.
tcl.collectionResultDisplayLimit
INFO: [Timing 38-35] Done setting XDC timing constraints.
INFO: [Timing 38-480] Writing timing data to binary archive.
Writing placer database...
Writing XDEF routing.
Writing XDEF routing logical nets.
Writing XDEF routing special nets.
Write XDEF Complete: Time (s): cpu = 00:00:00 ; elapsed = 00:00:00.043 . Memory (MB): peak = 1947.715 ; gain = 0.000
INFO: [Common 17-1381] The checkpoint 'C:/Users/fmabrouk/Documents/GitHub/DDS_FM_Transmitter_100Hz _DAC_2020/FM_Modulation_DAC/FM_Modulation.runs/impl_1/FM_Modulator_DAC_TopLevel_opt.dcp' has been generated.
INFO: [runtcl-4] Executing : report_drc -file FM_Modulator_DAC_TopLevel_drc_opted.rpt -pb FM_Modulator_DAC_TopLevel_drc_opted.pb -rpx FM_Modulator_DAC_TopLevel_drc_opted.rpx
Command: report_drc -file FM_Modulator_DAC_TopLevel_drc_opted.rpt -pb FM_Modulator_DAC_TopLevel_drc_opted.pb -rpx FM_Modulator_DAC_TopLevel_drc_opted.rpx
INFO: [IP_Flow 19-1839] IP Catalog is up to date.
INFO: [DRC 23-27] Running DRC with 2 threads
INFO: [Coretcl 2-168] The results of DRC are in file C:/Users/fmabrouk/Documents/GitHub/DDS_FM_Transmitter_100Hz _DAC_2020/FM_Modulation_DAC/FM_Modulation.runs/impl_1/FM_Modulator_DAC_TopLevel_drc_opted.rpt.
report_drc completed successfully
INFO: [Chipscope 16-240] Debug cores have already been implemented
Command: place_design
Attempting to get a license for feature 'Implementation' and/or device 'xc7s50'
INFO: [Common 17-349] Got license for feature 'Implementation' and/or device 'xc7s50'
INFO: [DRC 23-27] Running DRC with 2 threads
INFO: [Vivado_Tcl 4-198] DRC finished with 0 Errors
INFO: [Vivado_Tcl 4-199] Please refer to the DRC report (report_drc) for more information.
Running DRC as a precondition to command place_design
INFO: [DRC 23-27] Running DRC with 2 threads
INFO: [Vivado_Tcl 4-198] DRC finished with 0 Errors
INFO: [Vivado_Tcl 4-199] Please refer to the DRC report (report_drc) for more information.

Starting Placer Task
INFO: [Place 30-611] Multithreading enabled for place_design using a maximum of 2 CPUs

Phase 1 Placer Initialization

Phase 1.1 Placer Initialization Netlist Sorting
Netlist sorting complete. Time (s): cpu = 00:00:00 ; elapsed = 00:00:00.009 . Memory (MB): peak = 1947.715 ; gain = 0.000
Phase 1.1 Placer Initialization Netlist Sorting | Checksum: 801c47e7

Time (s): cpu = 00:00:00 ; elapsed = 00:00:00.018 . Memory (MB): peak = 1947.715 ; gain = 0.000
Netlist sorting complete. Time (s): cpu = 00:00:00 ; elapsed = 00:00:00.008 . Memory (MB): peak = 1947.715 ; gain = 0.000

Phase 1.2 IO Placement/ Clock Placement/ Build Placer Device
Phase 1.2 IO Placement/ Clock Placement/ Build Placer Device | Checksum: 1c1aeaf17

Time (s): cpu = 00:00:02 ; elapsed = 00:00:00.814 . Memory (MB): peak = 1947.715 ; gain = 0.000

Phase 1.3 Build Placer Netlist Model
Phase 1.3 Build Placer Netlist Model | Checksum: 25fd946db

Time (s): cpu = 00:00:05 ; elapsed = 00:00:03 . Memory (MB): peak = 1947.715 ; gain = 0.000

Phase 1.4 Constrain Clocks/Macros
Phase 1.4 Constrain Clocks/Macros | Checksum: 25fd946db

Time (s): cpu = 00:00:05 ; elapsed = 00:00:03 . Memory (MB): peak = 1947.715 ; gain = 0.000
Phase 1 Placer Initialization | Checksum: 25fd946db

Time (s): cpu = 00:00:05 ; elapsed = 00:00:03 . Memory (MB): peak = 1947.715 ; gain = 0.000

Phase 2 Global Placement

Phase 2.1 Floorplanning
Phase 2.1 Floorplanning | Checksum: 257d8a9cc

Time (s): cpu = 00:00:06 ; elapsed = 00:00:04 . Memory (MB): peak = 1947.715 ; gain = 0.000

Phase 2.2 Update Timing before SLR Path Opt
Phase 2.2 Update Timing before SLR Path Opt | Checksum: 266e965b8

Time (s): cpu = 00:00:07 ; elapsed = 00:00:04 . Memory (MB): peak = 1947.715 ; gain = 0.000

Phase 2.3 Global Placement Core

Phase 2.3.1 Physical Synthesis In Placer
INFO: [Physopt 32-1035] Found 1 LUTNM shape to break, 157 LUT instances to create LUTNM shape
INFO: [Physopt 32-1044] Break lutnm for timing: one critical 1, two critical 0, total 1, new lutff created 0
INFO: [Physopt 32-775] End 1 Pass. Optimized 68 nets or cells. Created 1 new cell, deleted 67 existing cells and moved 0 existing cell
INFO: [Physopt 32-65] No nets found for high-fanout optimization.
INFO: [Physopt 32-232] Optimized 0 net. Created 0 new instance.
INFO: [Physopt 32-775] End 1 Pass. Optimized 0 net or cell. Created 0 new cell, deleted 0 existing cell and moved 0 existing cell
INFO: [Physopt 32-456] No candidate cells for DSP register optimization found in the design.
INFO: [Physopt 32-775] End 2 Pass. Optimized 0 net or cell. Created 0 new cell, deleted 0 existing cell and moved 0 existing cell
INFO: [Physopt 32-1123] No candidate cells found for Shift Register to Pipeline optimization
INFO: [Physopt 32-775] End 1 Pass. Optimized 0 net or cell. Created 0 new cell, deleted 0 existing cell and moved 0 existing cell
INFO: [Physopt 32-677] No candidate cells for Shift Register optimization found in the design
INFO: [Physopt 32-775] End 1 Pass. Optimized 0 net or cell. Created 0 new cell, deleted 0 existing cell and moved 0 existing cell
INFO: [Physopt 32-526] No candidate cells for BRAM register optimization found in the design
INFO: [Physopt 32-775] End 1 Pass. Optimized 0 net or cell. Created 0 new cell, deleted 0 existing cell and moved 0 existing cell
INFO: [Physopt 32-846] No candidate cells for URAM register optimization found in the design
INFO: [Physopt 32-775] End 2 Pass. Optimized 0 net or cell. Created 0 new cell, deleted 0 existing cell and moved 0 existing cell
INFO: [Physopt 32-949] No candidate nets found for dynamic/static region interface net replication
INFO: [Physopt 32-775] End 1 Pass. Optimized 0 net or cell. Created 0 new cell, deleted 0 existing cell and moved 0 existing cell
Netlist sorting complete. Time (s): cpu = 00:00:00 ; elapsed = 00:00:00.008 . Memory (MB): peak = 1947.715 ; gain = 0.000

Summary of Physical Synthesis Optimizations
============================================


-----------------------------------------------------------------------------------------------------------------------------------------------------------
|  Optimization                                     |  Added Cells  |  Removed Cells  |  Optimized Cells/Nets  |  Dont Touch  |  Iterations  |  Elapsed   |
-----------------------------------------------------------------------------------------------------------------------------------------------------------
|  LUT Combining                                    |            1  |             67  |                    68  |           0  |           1  |  00:00:00  |
|  Very High Fanout                                 |            0  |              0  |                     0  |           0  |           1  |  00:00:00  |
|  DSP Register                                     |            0  |              0  |                     0  |           0  |           1  |  00:00:00  |
|  Shift Register to Pipeline                       |            0  |              0  |                     0  |           0  |           1  |  00:00:00  |
|  Shift Register                                   |            0  |              0  |                     0  |           0  |           1  |  00:00:00  |
|  BRAM Register                                    |            0  |              0  |                     0  |           0  |           1  |  00:00:00  |
|  URAM Register                                    |            0  |              0  |                     0  |           0  |           1  |  00:00:00  |
|  Dynamic/Static Region Interface Net Replication  |            0  |              0  |                     0  |           0  |           1  |  00:00:00  |
|  Total                                            |            1  |             67  |                    68  |           0  |           8  |  00:00:00  |
-----------------------------------------------------------------------------------------------------------------------------------------------------------


Phase 2.3.1 Physical Synthesis In Placer | Checksum: 1429ff817

Time (s): cpu = 00:00:18 ; elapsed = 00:00:11 . Memory (MB): peak = 1947.715 ; gain = 0.000
Phase 2.3 Global Placement Core | Checksum: 152a28689

Time (s): cpu = 00:00:19 ; elapsed = 00:00:11 . Memory (MB): peak = 1947.715 ; gain = 0.000
Phase 2 Global Placement | Checksum: 152a28689

Time (s): cpu = 00:00:19 ; elapsed = 00:00:11 . Memory (MB): peak = 1947.715 ; gain = 0.000

Phase 3 Detail Placement

Phase 3.1 Commit Multi Column Macros
Phase 3.1 Commit Multi Column Macros | Checksum: 1b6972907

Time (s): cpu = 00:00:19 ; elapsed = 00:00:11 . Memory (MB): peak = 1947.715 ; gain = 0.000

Phase 3.2 Commit Most Macros & LUTRAMs
Phase 3.2 Commit Most Macros & LUTRAMs | Checksum: 11f326924

Time (s): cpu = 00:00:21 ; elapsed = 00:00:12 . Memory (MB): peak = 1947.715 ; gain = 0.000

Phase 3.3 Area Swap Optimization
Phase 3.3 Area Swap Optimization | Checksum: 164784138

Time (s): cpu = 00:00:21 ; elapsed = 00:00:13 . Memory (MB): peak = 1947.715 ; gain = 0.000

Phase 3.4 Pipeline Register Optimization
Phase 3.4 Pipeline Register Optimization | Checksum: 1220f04bf

Time (s): cpu = 00:00:21 ; elapsed = 00:00:13 . Memory (MB): peak = 1947.715 ; gain = 0.000

Phase 3.5 Fast Optimization
Phase 3.5 Fast Optimization | Checksum: 1a36ffadc

Time (s): cpu = 00:00:23 ; elapsed = 00:00:14 . Memory (MB): peak = 1947.715 ; gain = 0.000

Phase 3.6 Small Shape Detail Placement
Phase 3.6 Small Shape Detail Placement | Checksum: 1d8a78f90

Time (s): cpu = 00:00:26 ; elapsed = 00:00:17 . Memory (MB): peak = 1947.715 ; gain = 0.000

Phase 3.7 Re-assign LUT pins
Phase 3.7 Re-assign LUT pins | Checksum: 10ff54ba5

Time (s): cpu = 00:00:26 ; elapsed = 00:00:17 . Memory (MB): peak = 1947.715 ; gain = 0.000

Phase 3.8 Pipeline Register Optimization
Phase 3.8 Pipeline Register Optimization | Checksum: 16de86a1c

Time (s): cpu = 00:00:26 ; elapsed = 00:00:17 . Memory (MB): peak = 1947.715 ; gain = 0.000

Phase 3.9 Fast Optimization
Phase 3.9 Fast Optimization | Checksum: 2309c0e90

Time (s): cpu = 00:00:30 ; elapsed = 00:00:19 . Memory (MB): peak = 1947.715 ; gain = 0.000
Phase 3 Detail Placement | Checksum: 2309c0e90

Time (s): cpu = 00:00:30 ; elapsed = 00:00:20 . Memory (MB): peak = 1947.715 ; gain = 0.000

Phase 4 Post Placement Optimization and Clean-Up

Phase 4.1 Post Commit Optimization
INFO: [Timing 38-35] Done setting XDC timing constraints.

Phase 4.1.1 Post Placement Optimization
Post Placement Optimization Initialization | Checksum: 22ce40a42

Phase 4.1.1.1 BUFG Insertion

Starting Physical Synthesis Task

Phase 1 Physical Synthesis Initialization
INFO: [Physopt 32-721] Multithreading enabled for phys_opt_design using a maximum of 2 CPUs
INFO: [Physopt 32-619] Estimated Timing Summary | WNS=-0.769 | TNS=-2.852 |
Phase 1 Physical Synthesis Initialization | Checksum: 1f9b45098

Time (s): cpu = 00:00:01 ; elapsed = 00:00:00.594 . Memory (MB): peak = 1947.715 ; gain = 0.000
INFO: [Place 46-56] BUFG insertion identified 0 candidate nets. Inserted BUFG: 0, Replicated BUFG Driver: 0, Skipped due to Placement/Routing Conflicts: 0, Skipped due to Timing Degradation: 0, Skipped due to Illegal Netlist: 0.
Ending Physical Synthesis Task | Checksum: 20815c489

Time (s): cpu = 00:00:01 ; elapsed = 00:00:00.624 . Memory (MB): peak = 1947.715 ; gain = 0.000
Phase 4.1.1.1 BUFG Insertion | Checksum: 22ce40a42

Time (s): cpu = 00:00:35 ; elapsed = 00:00:23 . Memory (MB): peak = 1947.715 ; gain = 0.000
INFO: [Place 30-746] Post Placement Timing Summary WNS=0.100. For the most accurate timing information please run report_timing.

Time (s): cpu = 00:00:58 ; elapsed = 00:00:45 . Memory (MB): peak = 1947.715 ; gain = 0.000
Phase 4.1 Post Commit Optimization | Checksum: 206de2d7b

Time (s): cpu = 00:00:58 ; elapsed = 00:00:45 . Memory (MB): peak = 1947.715 ; gain = 0.000

Phase 4.2 Post Placement Cleanup
Phase 4.2 Post Placement Cleanup | Checksum: 206de2d7b

Time (s): cpu = 00:00:58 ; elapsed = 00:00:45 . Memory (MB): peak = 1947.715 ; gain = 0.000

Phase 4.3 Placer Reporting

Phase 4.3.1 Print Estimated Congestion
INFO: [Place 30-612] Post-Placement Estimated Congestion 
 ____________________________________________________
|           | Global Congestion | Short Congestion  |
| Direction | Region Size       | Region Size       |
|___________|___________________|___________________|
|      North|                1x1|                1x1|
|___________|___________________|___________________|
|      South|                1x1|                2x2|
|___________|___________________|___________________|
|       East|                1x1|                1x1|
|___________|___________________|___________________|
|       West|                1x1|                1x1|
|___________|___________________|___________________|

Phase 4.3.1 Print Estimated Congestion | Checksum: 206de2d7b

Time (s): cpu = 00:00:58 ; elapsed = 00:00:45 . Memory (MB): peak = 1947.715 ; gain = 0.000
Phase 4.3 Placer Reporting | Checksum: 206de2d7b

Time (s): cpu = 00:00:58 ; elapsed = 00:00:45 . Memory (MB): peak = 1947.715 ; gain = 0.000

Phase 4.4 Final Placement Cleanup
Netlist sorting complete. Time (s): cpu = 00:00:00 ; elapsed = 00:00:00.009 . Memory (MB): peak = 1947.715 ; gain = 0.000

Time (s): cpu = 00:00:58 ; elapsed = 00:00:45 . Memory (MB): peak = 1947.715 ; gain = 0.000
Phase 4 Post Placement Optimization and Clean-Up | Checksum: 23c03aa62

Time (s): cpu = 00:00:58 ; elapsed = 00:00:45 . Memory (MB): peak = 1947.715 ; gain = 0.000
Ending Placer Task | Checksum: 16ef96270

Time (s): cpu = 00:00:58 ; elapsed = 00:00:45 . Memory (MB): peak = 1947.715 ; gain = 0.000
INFO: [Common 17-83] Releasing license: Implementation
96 Infos, 11 Warnings, 10 Critical Warnings and 0 Errors encountered.
place_design completed successfully
place_design: Time (s): cpu = 00:01:00 ; elapsed = 00:00:47 . Memory (MB): peak = 1947.715 ; gain = 0.000
INFO: [Timing 38-480] Writing timing data to binary archive.
Writing placer database...
Writing XDEF routing.
Writing XDEF routing logical nets.
Writing XDEF routing special nets.
Write XDEF Complete: Time (s): cpu = 00:00:03 ; elapsed = 00:00:00.831 . Memory (MB): peak = 1947.715 ; gain = 0.000
INFO: [Common 17-1381] The checkpoint 'C:/Users/fmabrouk/Documents/GitHub/DDS_FM_Transmitter_100Hz _DAC_2020/FM_Modulation_DAC/FM_Modulation.runs/impl_1/FM_Modulator_DAC_TopLevel_placed.dcp' has been generated.
INFO: [runtcl-4] Executing : report_io -file FM_Modulator_DAC_TopLevel_io_placed.rpt
report_io: Time (s): cpu = 00:00:00 ; elapsed = 00:00:00.033 . Memory (MB): peak = 1947.715 ; gain = 0.000
INFO: [runtcl-4] Executing : report_utilization -file FM_Modulator_DAC_TopLevel_utilization_placed.rpt -pb FM_Modulator_DAC_TopLevel_utilization_placed.pb
INFO: [runtcl-4] Executing : report_control_sets -verbose -file FM_Modulator_DAC_TopLevel_control_sets_placed.rpt
report_control_sets: Time (s): cpu = 00:00:00 ; elapsed = 00:00:00.038 . Memory (MB): peak = 1947.715 ; gain = 0.000
Command: route_design
Attempting to get a license for feature 'Implementation' and/or device 'xc7s50'
INFO: [Common 17-349] Got license for feature 'Implementation' and/or device 'xc7s50'
Running DRC as a precondition to command route_design
INFO: [DRC 23-27] Running DRC with 2 threads
INFO: [Vivado_Tcl 4-198] DRC finished with 0 Errors
INFO: [Vivado_Tcl 4-199] Please refer to the DRC report (report_drc) for more information.


Starting Routing Task
INFO: [Route 35-254] Multithreading enabled for route_design using a maximum of 2 CPUs
Checksum: PlaceDB: e92671b2 ConstDB: 0 ShapeSum: 85d2f0be RouteDB: 0

Phase 1 Build RT Design
Phase 1 Build RT Design | Checksum: 13ec36397

Time (s): cpu = 00:00:20 ; elapsed = 00:00:17 . Memory (MB): peak = 1963.539 ; gain = 15.824
Post Restoration Checksum: NetGraph: e389bd13 NumContArr: 5b39a684 Constraints: 0 Timing: 0

Phase 2 Router Initialization

Phase 2.1 Create Timer
Phase 2.1 Create Timer | Checksum: 13ec36397

Time (s): cpu = 00:00:20 ; elapsed = 00:00:17 . Memory (MB): peak = 1963.539 ; gain = 15.824

Phase 2.2 Fix Topology Constraints
Phase 2.2 Fix Topology Constraints | Checksum: 13ec36397

Time (s): cpu = 00:00:20 ; elapsed = 00:00:17 . Memory (MB): peak = 1970.102 ; gain = 22.387

Phase 2.3 Pre Route Cleanup
Phase 2.3 Pre Route Cleanup | Checksum: 13ec36397

Time (s): cpu = 00:00:20 ; elapsed = 00:00:17 . Memory (MB): peak = 1970.102 ; gain = 22.387
 Number of Nodes with overlaps = 0

Phase 2.4 Update Timing
Phase 2.4 Update Timing | Checksum: 12fa3764b

Time (s): cpu = 00:00:26 ; elapsed = 00:00:21 . Memory (MB): peak = 1984.336 ; gain = 36.621
INFO: [Route 35-416] Intermediate Timing Summary | WNS=0.140  | TNS=0.000  | WHS=-0.412 | THS=-690.343|


Phase 2.5 Update Timing for Bus Skew

Phase 2.5.1 Update Timing
Phase 2.5.1 Update Timing | Checksum: 17ba79921

Time (s): cpu = 00:00:31 ; elapsed = 00:00:23 . Memory (MB): peak = 2024.609 ; gain = 76.895
INFO: [Route 35-416] Intermediate Timing Summary | WNS=0.140  | TNS=0.000  | WHS=N/A    | THS=N/A    |

Phase 2.5 Update Timing for Bus Skew | Checksum: 167a73443

Time (s): cpu = 00:00:31 ; elapsed = 00:00:24 . Memory (MB): peak = 2028.688 ; gain = 80.973
Phase 2 Router Initialization | Checksum: ccfed7d0

Time (s): cpu = 00:00:31 ; elapsed = 00:00:24 . Memory (MB): peak = 2028.688 ; gain = 80.973

Router Utilization Summary
  Global Vertical Routing Utilization    = 0 %
  Global Horizontal Routing Utilization  = 0 %
  Routable Net Status*
  *Does not include unroutable nets such as driverless and loadless.
  Run report_route_status for detailed report.
  Number of Failed Nets               = 8604
    (Failed Nets is the sum of unrouted and partially routed nets)
  Number of Unrouted Nets             = 8604
  Number of Partially Routed Nets     = 0
  Number of Node Overlaps             = 0


Phase 3 Initial Routing

Phase 3.1 Global Routing
Phase 3.1 Global Routing | Checksum: ccfed7d0

Time (s): cpu = 00:00:31 ; elapsed = 00:00:24 . Memory (MB): peak = 2028.688 ; gain = 80.973
Phase 3 Initial Routing | Checksum: 1b7d003c9

Time (s): cpu = 00:00:35 ; elapsed = 00:00:26 . Memory (MB): peak = 2029.859 ; gain = 82.145

Phase 4 Rip-up And Reroute

Phase 4.1 Global Iteration 0
 Number of Nodes with overlaps = 591
 Number of Nodes with overlaps = 219
 Number of Nodes with overlaps = 107
 Number of Nodes with overlaps = 44
 Number of Nodes with overlaps = 26
 Number of Nodes with overlaps = 17
 Number of Nodes with overlaps = 13
 Number of Nodes with overlaps = 2
 Number of Nodes with overlaps = 0
INFO: [Route 35-416] Intermediate Timing Summary | WNS=-0.058 | TNS=-0.116 | WHS=N/A    | THS=N/A    |

Phase 4.1 Global Iteration 0 | Checksum: 13c27572d

Time (s): cpu = 00:00:46 ; elapsed = 00:00:35 . Memory (MB): peak = 2029.859 ; gain = 82.145

Phase 4.2 Global Iteration 1
 Number of Nodes with overlaps = 79
 Number of Nodes with overlaps = 23
 Number of Nodes with overlaps = 12
 Number of Nodes with overlaps = 5
 Number of Nodes with overlaps = 6
 Number of Nodes with overlaps = 4
 Number of Nodes with overlaps = 4
 Number of Nodes with overlaps = 2
 Number of Nodes with overlaps = 2
 Number of Nodes with overlaps = 0
INFO: [Route 35-416] Intermediate Timing Summary | WNS=0.009  | TNS=0.000  | WHS=N/A    | THS=N/A    |

Phase 4.2 Global Iteration 1 | Checksum: 2202d1944

Time (s): cpu = 00:00:51 ; elapsed = 00:00:39 . Memory (MB): peak = 2029.859 ; gain = 82.145

Phase 4.3 Global Iteration 2
 Number of Nodes with overlaps = 52
 Number of Nodes with overlaps = 31
 Number of Nodes with overlaps = 14
 Number of Nodes with overlaps = 17
 Number of Nodes with overlaps = 17
 Number of Nodes with overlaps = 3
 Number of Nodes with overlaps = 9
 Number of Nodes with overlaps = 0
INFO: [Route 35-416] Intermediate Timing Summary | WNS=0.009  | TNS=0.000  | WHS=N/A    | THS=N/A    |

Phase 4.3 Global Iteration 2 | Checksum: 1a1ce7d34

Time (s): cpu = 00:00:55 ; elapsed = 00:00:43 . Memory (MB): peak = 2029.859 ; gain = 82.145
Phase 4 Rip-up And Reroute | Checksum: 1a1ce7d34

Time (s): cpu = 00:00:55 ; elapsed = 00:00:43 . Memory (MB): peak = 2029.859 ; gain = 82.145

Phase 5 Delay and Skew Optimization

Phase 5.1 Delay CleanUp
Phase 5.1 Delay CleanUp | Checksum: 1a1ce7d34

Time (s): cpu = 00:00:55 ; elapsed = 00:00:43 . Memory (MB): peak = 2029.859 ; gain = 82.145

Phase 5.2 Clock Skew Optimization
Phase 5.2 Clock Skew Optimization | Checksum: 1a1ce7d34

Time (s): cpu = 00:00:55 ; elapsed = 00:00:43 . Memory (MB): peak = 2029.859 ; gain = 82.145
Phase 5 Delay and Skew Optimization | Checksum: 1a1ce7d34

Time (s): cpu = 00:00:55 ; elapsed = 00:00:43 . Memory (MB): peak = 2029.859 ; gain = 82.145

Phase 6 Post Hold Fix

Phase 6.1 Hold Fix Iter

Phase 6.1.1 Update Timing
Phase 6.1.1 Update Timing | Checksum: 1aacf4c22

Time (s): cpu = 00:00:57 ; elapsed = 00:00:44 . Memory (MB): peak = 2029.859 ; gain = 82.145
INFO: [Route 35-416] Intermediate Timing Summary | WNS=0.089  | TNS=0.000  | WHS=0.023  | THS=0.000  |

Phase 6.1 Hold Fix Iter | Checksum: 232e39e66

Time (s): cpu = 00:00:57 ; elapsed = 00:00:44 . Memory (MB): peak = 2029.859 ; gain = 82.145
Phase 6 Post Hold Fix | Checksum: 232e39e66

Time (s): cpu = 00:00:57 ; elapsed = 00:00:44 . Memory (MB): peak = 2029.859 ; gain = 82.145

Phase 7 Route finalize

Router Utilization Summary
  Global Vertical Routing Utilization    = 2.84334 %
  Global Horizontal Routing Utilization  = 3.28214 %
  Routable Net Status*
  *Does not include unroutable nets such as driverless and loadless.
  Run report_route_status for detailed report.
  Number of Failed Nets               = 0
    (Failed Nets is the sum of unrouted and partially routed nets)
  Number of Unrouted Nets             = 0
  Number of Partially Routed Nets     = 0
  Number of Node Overlaps             = 0

Phase 7 Route finalize | Checksum: 1ba5f8494

Time (s): cpu = 00:00:57 ; elapsed = 00:00:44 . Memory (MB): peak = 2029.859 ; gain = 82.145

Phase 8 Verifying routed nets

 Verification completed successfully
Phase 8 Verifying routed nets | Checksum: 1ba5f8494

Time (s): cpu = 00:00:57 ; elapsed = 00:00:44 . Memory (MB): peak = 2029.859 ; gain = 82.145

Phase 9 Depositing Routes
Phase 9 Depositing Routes | Checksum: 16abc2653

Time (s): cpu = 00:00:58 ; elapsed = 00:00:45 . Memory (MB): peak = 2029.859 ; gain = 82.145

Phase 10 Post Router Timing
INFO: [Route 35-57] Estimated Timing Summary | WNS=0.089  | TNS=0.000  | WHS=0.023  | THS=0.000  |

INFO: [Route 35-327] The final timing numbers are based on the router estimated timing analysis. For a complete and accurate timing signoff, please run report_timing_summary.
Phase 10 Post Router Timing | Checksum: 16abc2653

Time (s): cpu = 00:00:58 ; elapsed = 00:00:45 . Memory (MB): peak = 2029.859 ; gain = 82.145
INFO: [Route 35-16] Router Completed Successfully

Time (s): cpu = 00:00:58 ; elapsed = 00:00:45 . Memory (MB): peak = 2029.859 ; gain = 82.145

Routing Is Done.
INFO: [Common 17-83] Releasing license: Implementation
116 Infos, 11 Warnings, 10 Critical Warnings and 0 Errors encountered.
route_design completed successfully
route_design: Time (s): cpu = 00:01:03 ; elapsed = 00:00:48 . Memory (MB): peak = 2029.859 ; gain = 82.145
INFO: [Timing 38-480] Writing timing data to binary archive.
Writing placer database...
Writing XDEF routing.
Writing XDEF routing logical nets.
Writing XDEF routing special nets.
Write XDEF Complete: Time (s): cpu = 00:00:05 ; elapsed = 00:00:01 . Memory (MB): peak = 2035.004 ; gain = 5.145
INFO: [Common 17-1381] The checkpoint 'C:/Users/fmabrouk/Documents/GitHub/DDS_FM_Transmitter_100Hz _DAC_2020/FM_Modulation_DAC/FM_Modulation.runs/impl_1/FM_Modulator_DAC_TopLevel_routed.dcp' has been generated.
INFO: [runtcl-4] Executing : report_drc -file FM_Modulator_DAC_TopLevel_drc_routed.rpt -pb FM_Modulator_DAC_TopLevel_drc_routed.pb -rpx FM_Modulator_DAC_TopLevel_drc_routed.rpx
Command: report_drc -file FM_Modulator_DAC_TopLevel_drc_routed.rpt -pb FM_Modulator_DAC_TopLevel_drc_routed.pb -rpx FM_Modulator_DAC_TopLevel_drc_routed.rpx
INFO: [IP_Flow 19-1839] IP Catalog is up to date.
INFO: [DRC 23-27] Running DRC with 2 threads
INFO: [Coretcl 2-168] The results of DRC are in file C:/Users/fmabrouk/Documents/GitHub/DDS_FM_Transmitter_100Hz _DAC_2020/FM_Modulation_DAC/FM_Modulation.runs/impl_1/FM_Modulator_DAC_TopLevel_drc_routed.rpt.
report_drc completed successfully
report_drc: Time (s): cpu = 00:00:09 ; elapsed = 00:00:06 . Memory (MB): peak = 2044.570 ; gain = 9.566
INFO: [runtcl-4] Executing : report_methodology -file FM_Modulator_DAC_TopLevel_methodology_drc_routed.rpt -pb FM_Modulator_DAC_TopLevel_methodology_drc_routed.pb -rpx FM_Modulator_DAC_TopLevel_methodology_drc_routed.rpx
Command: report_methodology -file FM_Modulator_DAC_TopLevel_methodology_drc_routed.rpt -pb FM_Modulator_DAC_TopLevel_methodology_drc_routed.pb -rpx FM_Modulator_DAC_TopLevel_methodology_drc_routed.rpx
INFO: [Timing 38-35] Done setting XDC timing constraints.
INFO: [DRC 23-133] Running Methodology with 2 threads
INFO: [Coretcl 2-1520] The results of Report Methodology are in file C:/Users/fmabrouk/Documents/GitHub/DDS_FM_Transmitter_100Hz _DAC_2020/FM_Modulation_DAC/FM_Modulation.runs/impl_1/FM_Modulator_DAC_TopLevel_methodology_drc_routed.rpt.
report_methodology completed successfully
report_methodology: Time (s): cpu = 00:00:12 ; elapsed = 00:00:06 . Memory (MB): peak = 2044.570 ; gain = 0.000
INFO: [runtcl-4] Executing : report_power -file FM_Modulator_DAC_TopLevel_power_routed.rpt -pb FM_Modulator_DAC_TopLevel_power_summary_routed.pb -rpx FM_Modulator_DAC_TopLevel_power_routed.rpx
Command: report_power -file FM_Modulator_DAC_TopLevel_power_routed.rpt -pb FM_Modulator_DAC_TopLevel_power_summary_routed.pb -rpx FM_Modulator_DAC_TopLevel_power_routed.rpx
INFO: [Timing 38-35] Done setting XDC timing constraints.
Running Vector-less Activity Propagation...

Finished Running Vector-less Activity Propagation
128 Infos, 11 Warnings, 10 Critical Warnings and 0 Errors encountered.
report_power completed successfully
INFO: [runtcl-4] Executing : report_route_status -file FM_Modulator_DAC_TopLevel_route_status.rpt -pb FM_Modulator_DAC_TopLevel_route_status.pb
INFO: [runtcl-4] Executing : report_timing_summary -max_paths 10 -file FM_Modulator_DAC_TopLevel_timing_summary_routed.rpt -pb FM_Modulator_DAC_TopLevel_timing_summary_routed.pb -rpx FM_Modulator_DAC_TopLevel_timing_summary_routed.rpx -warn_on_violation 
INFO: [Timing 38-91] UpdateTimingParams: Speed grade: -1, Delay Type: min_max.
INFO: [Timing 38-191] Multithreading enabled for timing update using a maximum of 2 CPUs
WARNING: [Timing 38-436] There are set_bus_skew constraint(s) in this design. Please run report_bus_skew to ensure that bus skew requirements are met.
INFO: [runtcl-4] Executing : report_incremental_reuse -file FM_Modulator_DAC_TopLevel_incremental_reuse_routed.rpt
INFO: [Vivado_Tcl 4-1062] Incremental flow is disabled. No incremental reuse Info to report.
INFO: [runtcl-4] Executing : report_clock_utilization -file FM_Modulator_DAC_TopLevel_clock_utilization_routed.rpt
INFO: [runtcl-4] Executing : report_bus_skew -warn_on_violation -file FM_Modulator_DAC_TopLevel_bus_skew_routed.rpt -pb FM_Modulator_DAC_TopLevel_bus_skew_routed.pb -rpx FM_Modulator_DAC_TopLevel_bus_skew_routed.rpx
INFO: [Timing 38-91] UpdateTimingParams: Speed grade: -1, Delay Type: min_max.
INFO: [Timing 38-191] Multithreading enabled for timing update using a maximum of 2 CPUs
Command: write_bitstream -force FM_Modulator_DAC_TopLevel.bit
Attempting to get a license for feature 'Implementation' and/or device 'xc7s50'
INFO: [Common 17-349] Got license for feature 'Implementation' and/or device 'xc7s50'
Running DRC as a precondition to command write_bitstream
INFO: [IP_Flow 19-1839] IP Catalog is up to date.
INFO: [DRC 23-27] Running DRC with 2 threads
WARNING: [DRC CFGBVS-1] Missing CFGBVS and CONFIG_VOLTAGE Design Properties: Neither the CFGBVS nor CONFIG_VOLTAGE voltage property is set in the current_design.  Configuration bank voltage select (CFGBVS) must be set to VCCO or GND, and CONFIG_VOLTAGE must be set to the correct configuration voltage, in order to determine the I/O voltage support for the pins in bank 0.  It is suggested to specify these either using the 'Edit Device Properties' function in the GUI or directly in the XDC file using the following syntax:

 set_property CFGBVS value1 [current_design]
 #where value1 is either VCCO or GND

 set_property CONFIG_VOLTAGE value2 [current_design]
 #where value2 is the voltage provided to configuration bank 0

Refer to the device configuration user guide for more information.
WARNING: [DRC RTSTAT-10] No routable loads: 25 net(s) have no routable loads. The problem bus(es) and/or net(s) are dbg_hub/inst/BSCANID.u_xsdbm_id/CORE_XSDB.UUT_MASTER/U_ICON_INTERFACE/U_CMD6_RD/U_RD_FIFO/SUBCORE_FIFO.xsdbm_v3_0_0_rdfifo_inst/inst_fifo_gen/gconvfifo.rf/grf.rf/gntv_or_sync_fifo.gl0.rd/gr1.gr1_int.rfwft/aempty_fwft_i, dbg_hub/inst/BSCANID.u_xsdbm_id/CORE_XSDB.UUT_MASTER/U_ICON_INTERFACE/U_CMD7_CTL/ctl_reg[2:0], dbg_hub/inst/BSCANID.u_xsdbm_id/CORE_XSDB.UUT_MASTER/U_ICON_INTERFACE/U_CMD7_CTL/ctl_reg_en_2[1], dbg_hub/inst/BSCANID.u_xsdbm_id/CORE_XSDB.UUT_MASTER/U_ICON_INTERFACE/U_CMD1/ctl_reg_en_2[1], dbg_hub/inst/BSCANID.u_xsdbm_id/SWITCH_N_EXT_BSCAN.bscan_switch/m_bscan_capture[0], dbg_hub/inst/BSCANID.u_xsdbm_id/SWITCH_N_EXT_BSCAN.bscan_switch/m_bscan_drck[0], dbg_hub/inst/BSCANID.u_xsdbm_id/SWITCH_N_EXT_BSCAN.bscan_switch/m_bscan_runtest[0], dbg_hub/inst/BSCANID.u_xsdbm_id/CORE_XSDB.UUT_MASTER/U_ICON_INTERFACE/U_CMD6_RD/U_RD_FIFO/SUBCORE_FIFO.xsdbm_v3_0_0_rdfifo_inst/inst_fifo_gen/gconvfifo.rf/grf.rf/gntv_or_sync_fifo.gl0.wr/gwhf.whf/overflow, dbg_hub/inst/BSCANID.u_xsdbm_id/CORE_XSDB.UUT_MASTER/U_ICON_INTERFACE/U_CMD6_WR/U_WR_FIFO/SUBCORE_FIFO.xsdbm_v3_0_0_wrfifo_inst/inst_fifo_gen/gconvfifo.rf/grf.rf/gntv_or_sync_fifo.gl0.wr/gwhf.whf/overflow, dbg_hub/inst/BSCANID.u_xsdbm_id/CORE_XSDB.UUT_MASTER/U_ICON_INTERFACE/U_CMD6_RD/U_RD_FIFO/SUBCORE_FIFO.xsdbm_v3_0_0_rdfifo_inst/inst_fifo_gen/gconvfifo.rf/grf.rf/gntv_or_sync_fifo.gl0.rd/gras.rsts/ram_empty_i, dbg_hub/inst/BSCANID.u_xsdbm_id/CORE_XSDB.UUT_MASTER/U_ICON_INTERFACE/U_CMD6_WR/U_WR_FIFO/SUBCORE_FIFO.xsdbm_v3_0_0_wrfifo_inst/inst_fifo_gen/gconvfifo.rf/grf.rf/gntv_or_sync_fifo.gl0.wr/gwas.wsts/ram_full_i, dbg_hub/inst/BSCANID.u_xsdbm_id/CORE_XSDB.UUT_MASTER/U_ICON_INTERFACE/U_CMD6_WR/U_WR_FIFO/SUBCORE_FIFO.xsdbm_v3_0_0_wrfifo_inst/inst_fifo_gen/gconvfifo.rf/grf.rf/rstblk/rd_rst_reg[0], dbg_hub/inst/BSCANID.u_xsdbm_id/SWITCH_N_EXT_BSCAN.bscan_inst/s_bscan_tms, ILA/U0/ila_core_inst/u_ila_regs/U_XSDB_SLAVE/s_daddr_o[13], ILA/U0/ila_core_inst/u_ila_regs/U_XSDB_SLAVE/s_daddr_o[14]... and (the first 15 of 23 listed).
INFO: [DRC REQP-28] enum_USE_MULT_NONE_connects_CEM_GND: FM_DeModul_10P7MHz/U0/fm_mod_struct/fir_compiler_7_2/fm_mod_fir_compiler_v7_2_i0_instance/U0/i_synth/g_polyphase_decimation.i_polyphase_decimation/g_parallel.g_paths[0].g_accum.i_accum/i_add_accum/g_dsp48.g_dsp48e1.i_dsp48e1: When the DSP48E1 USE_MULT attribute is set to NONE, the CEM input pin should be tied to GND to save power.
INFO: [DRC REQP-28] enum_USE_MULT_NONE_connects_CEM_GND: FM_DeModul_10P7MHz/U0/fm_mod_struct/fir_compiler_7_2_1/fm_mod_fir_compiler_v7_2_i0_instance/U0/i_synth/g_polyphase_decimation.i_polyphase_decimation/g_parallel.g_paths[0].g_accum.i_accum/i_add_accum/g_dsp48.g_dsp48e1.i_dsp48e1: When the DSP48E1 USE_MULT attribute is set to NONE, the CEM input pin should be tied to GND to save power.
INFO: [DRC REQP-28] enum_USE_MULT_NONE_connects_CEM_GND: FM_DeModul_10P7MHz/U0/fm_mod_struct/fir_compiler_7_2_2/fm_mod_fir_compiler_v7_2_i1_instance/U0/i_synth/g_polyphase_decimation.i_polyphase_decimation/g_op_paths[0].g_combine.i_ext_mult/g_two_col_comb.i_gen_upper_bits/i_add_accum/g_dsp48.g_dsp48e1.i_dsp48e1: When the DSP48E1 USE_MULT attribute is set to NONE, the CEM input pin should be tied to GND to save power.
INFO: [DRC REQP-28] enum_USE_MULT_NONE_connects_CEM_GND: FM_DeModul_10P7MHz/U0/fm_mod_struct/fir_compiler_7_2_2/fm_mod_fir_compiler_v7_2_i1_instance/U0/i_synth/g_polyphase_decimation.i_polyphase_decimation/g_parallel.g_paths[0].g_accum.i_accum/i_add_accum/g_dsp48.g_dsp48e1.i_dsp48e1: When the DSP48E1 USE_MULT attribute is set to NONE, the CEM input pin should be tied to GND to save power.
INFO: [DRC REQP-28] enum_USE_MULT_NONE_connects_CEM_GND: FM_DeModul_10P7MHz/U0/fm_mod_struct/fir_compiler_7_2_2/fm_mod_fir_compiler_v7_2_i1_instance/U0/i_synth/g_polyphase_decimation.i_polyphase_decimation/g_parallel.g_paths[1].g_accum.i_accum/i_add_accum/g_dsp48.g_dsp48e1.i_dsp48e1: When the DSP48E1 USE_MULT attribute is set to NONE, the CEM input pin should be tied to GND to save power.
INFO: [DRC REQP-28] enum_USE_MULT_NONE_connects_CEM_GND: FM_DeModul_10P7MHz/U0/fm_mod_struct/fir_compiler_7_2_3/fm_mod_fir_compiler_v7_2_i1_instance/U0/i_synth/g_polyphase_decimation.i_polyphase_decimation/g_op_paths[0].g_combine.i_ext_mult/g_two_col_comb.i_gen_upper_bits/i_add_accum/g_dsp48.g_dsp48e1.i_dsp48e1: When the DSP48E1 USE_MULT attribute is set to NONE, the CEM input pin should be tied to GND to save power.
INFO: [DRC REQP-28] enum_USE_MULT_NONE_connects_CEM_GND: FM_DeModul_10P7MHz/U0/fm_mod_struct/fir_compiler_7_2_3/fm_mod_fir_compiler_v7_2_i1_instance/U0/i_synth/g_polyphase_decimation.i_polyphase_decimation/g_parallel.g_paths[0].g_accum.i_accum/i_add_accum/g_dsp48.g_dsp48e1.i_dsp48e1: When the DSP48E1 USE_MULT attribute is set to NONE, the CEM input pin should be tied to GND to save power.
INFO: [DRC REQP-28] enum_USE_MULT_NONE_connects_CEM_GND: FM_DeModul_10P7MHz/U0/fm_mod_struct/fir_compiler_7_2_3/fm_mod_fir_compiler_v7_2_i1_instance/U0/i_synth/g_polyphase_decimation.i_polyphase_decimation/g_parallel.g_paths[1].g_accum.i_accum/i_add_accum/g_dsp48.g_dsp48e1.i_dsp48e1: When the DSP48E1 USE_MULT attribute is set to NONE, the CEM input pin should be tied to GND to save power.
INFO: [DRC REQP-30] enum_MREG_0_connects_CEM_GND: FM_DeModul_10P7MHz/U0/fm_mod_struct/fir_compiler_7_2/fm_mod_fir_compiler_v7_2_i0_instance/U0/i_synth/g_polyphase_decimation.i_polyphase_decimation/g_parallel.g_paths[0].g_accum.i_accum/i_add_accum/g_dsp48.g_dsp48e1.i_dsp48e1: When the DSP48E1 MREG attribute is set to 0, the CEM input pin should be tied to GND to save power.
INFO: [DRC REQP-30] enum_MREG_0_connects_CEM_GND: FM_DeModul_10P7MHz/U0/fm_mod_struct/fir_compiler_7_2_1/fm_mod_fir_compiler_v7_2_i0_instance/U0/i_synth/g_polyphase_decimation.i_polyphase_decimation/g_parallel.g_paths[0].g_accum.i_accum/i_add_accum/g_dsp48.g_dsp48e1.i_dsp48e1: When the DSP48E1 MREG attribute is set to 0, the CEM input pin should be tied to GND to save power.
INFO: [DRC REQP-30] enum_MREG_0_connects_CEM_GND: FM_DeModul_10P7MHz/U0/fm_mod_struct/fir_compiler_7_2_2/fm_mod_fir_compiler_v7_2_i1_instance/U0/i_synth/g_polyphase_decimation.i_polyphase_decimation/g_op_paths[0].g_combine.i_ext_mult/g_two_col_comb.i_gen_upper_bits/i_add_accum/g_dsp48.g_dsp48e1.i_dsp48e1: When the DSP48E1 MREG attribute is set to 0, the CEM input pin should be tied to GND to save power.
INFO: [DRC REQP-30] enum_MREG_0_connects_CEM_GND: FM_DeModul_10P7MHz/U0/fm_mod_struct/fir_compiler_7_2_2/fm_mod_fir_compiler_v7_2_i1_instance/U0/i_synth/g_polyphase_decimation.i_polyphase_decimation/g_parallel.g_paths[0].g_accum.i_accum/i_add_accum/g_dsp48.g_dsp48e1.i_dsp48e1: When the DSP48E1 MREG attribute is set to 0, the CEM input pin should be tied to GND to save power.
INFO: [DRC REQP-30] enum_MREG_0_connects_CEM_GND: FM_DeModul_10P7MHz/U0/fm_mod_struct/fir_compiler_7_2_2/fm_mod_fir_compiler_v7_2_i1_instance/U0/i_synth/g_polyphase_decimation.i_polyphase_decimation/g_parallel.g_paths[1].g_accum.i_accum/i_add_accum/g_dsp48.g_dsp48e1.i_dsp48e1: When the DSP48E1 MREG attribute is set to 0, the CEM input pin should be tied to GND to save power.
INFO: [DRC REQP-30] enum_MREG_0_connects_CEM_GND: FM_DeModul_10P7MHz/U0/fm_mod_struct/fir_compiler_7_2_3/fm_mod_fir_compiler_v7_2_i1_instance/U0/i_synth/g_polyphase_decimation.i_polyphase_decimation/g_op_paths[0].g_combine.i_ext_mult/g_two_col_comb.i_gen_upper_bits/i_add_accum/g_dsp48.g_dsp48e1.i_dsp48e1: When the DSP48E1 MREG attribute is set to 0, the CEM input pin should be tied to GND to save power.
INFO: [DRC REQP-30] enum_MREG_0_connects_CEM_GND: FM_DeModul_10P7MHz/U0/fm_mod_struct/fir_compiler_7_2_3/fm_mod_fir_compiler_v7_2_i1_instance/U0/i_synth/g_polyphase_decimation.i_polyphase_decimation/g_parallel.g_paths[0].g_accum.i_accum/i_add_accum/g_dsp48.g_dsp48e1.i_dsp48e1: When the DSP48E1 MREG attribute is set to 0, the CEM input pin should be tied to GND to save power.
INFO: [DRC REQP-30] enum_MREG_0_connects_CEM_GND: FM_DeModul_10P7MHz/U0/fm_mod_struct/fir_compiler_7_2_3/fm_mod_fir_compiler_v7_2_i1_instance/U0/i_synth/g_polyphase_decimation.i_polyphase_decimation/g_parallel.g_paths[1].g_accum.i_accum/i_add_accum/g_dsp48.g_dsp48e1.i_dsp48e1: When the DSP48E1 MREG attribute is set to 0, the CEM input pin should be tied to GND to save power.
INFO: [Vivado 12-3199] DRC finished with 0 Errors, 2 Warnings, 16 Advisories
INFO: [Vivado 12-3200] Please refer to the DRC report (report_drc) for more information.
INFO: [Designutils 20-2272] Running write_bitstream with 2 threads.
Loading data files...
Loading site data...
Loading route data...
Processing options...
Creating bitmap...
Creating bitstream...
Writing bitstream ./FM_Modulator_DAC_TopLevel.bit...
INFO: [Vivado 12-1842] Bitgen Completed Successfully.
INFO: [Project 1-118] WebTalk data collection is enabled (User setting is ON. Install Setting is ON.).
Access is denied.
Access is denied.
INFO: [Common 17-83] Releasing license: Implementation
28 Infos, 2 Warnings, 0 Critical Warnings and 0 Errors encountered.
write_bitstream completed successfully
write_bitstream: Time (s): cpu = 00:00:21 ; elapsed = 00:00:16 . Memory (MB): peak = 2494.656 ; gain = 450.086
INFO: [Common 17-206] Exiting Vivado at Fri Apr 17 11:43:03 2026...
