INFO: [VRFC 10-163] Analyzing VHDL file "C:/Users/fmabrouk/Documents/GitHub/DDS_FM_Transmitter_100Hz _DAC_2020/FM_Modulation_DAC/FM_Modulation.sim/sim_1/synth/func/xsim/FM_Modulator_DAC_TopLevel_func_synth.vhd" into library xil_defaultlib
INFO: [VRFC 10-3107] analyzing entity 'clk_wiz_0_clk_wiz_0_clk_wiz'
INFO: [VRFC 10-3107] analyzing entity 'c_addsub_0_c_reg_fd_v12_0_6_viv'
INFO: [VRFC 10-3107] analyzing entity 'c_addsub_0_c_reg_fd_v12_0_6_viv_10'
INFO: [VRFC 10-3107] analyzing entity 'c_addsub_0_c_reg_fd_v12_0_6_viv_8'
INFO: [VRFC 10-3107] analyzing entity '\c_addsub_0_c_reg_fd_v12_0_6_viv__parameterized1\'
INFO: [VRFC 10-3107] analyzing entity '\c_addsub_0_c_reg_fd_v12_0_6_viv__parameterized1_0\'
INFO: [VRFC 10-3107] analyzing entity '\c_addsub_0_c_reg_fd_v12_0_6_viv__parameterized1_9\'
INFO: [VRFC 10-3107] analyzing entity '\c_addsub_0_c_reg_fd_v12_0_6_viv__parameterized4\'
INFO: [VRFC 10-3107] analyzing entity '\c_addsub_0_c_reg_fd_v12_0_6_viv__parameterized4_1\'
INFO: [VRFC 10-3107] analyzing entity '\c_addsub_0_c_reg_fd_v12_0_6_viv__parameterized4_3\'
INFO: [VRFC 10-3107] analyzing entity '\c_addsub_0_c_reg_fd_v12_0_6_viv__parameterized4_5\'
INFO: [VRFC 10-3107] analyzing entity '\c_addsub_0_c_reg_fd_v12_0_6_viv__parameterized4_6\'
INFO: [VRFC 10-3107] analyzing entity '\c_addsub_0_c_reg_fd_v12_0_6_viv__parameterized4_7\'
INFO: [VRFC 10-3107] analyzing entity 'dds_compiler_0_dither_wrap'
INFO: [VRFC 10-3107] analyzing entity 'dds_compiler_0_pipe_add'
INFO: [VRFC 10-3107] analyzing entity 'dds_compiler_0_pipe_add_9'
INFO: [VRFC 10-3107] analyzing entity 'dds_compiler_0_xbip_pipe_v3_0_6_viv'
INFO: [VRFC 10-3107] analyzing entity 'dds_compiler_0_xbip_pipe_v3_0_6_viv_0'
INFO: [VRFC 10-3107] analyzing entity '\dds_compiler_0_xbip_pipe_v3_0_6_viv__parameterized1\'
INFO: [VRFC 10-3107] analyzing entity '\dds_compiler_0_xbip_pipe_v3_0_6_viv__parameterized12\'
INFO: [VRFC 10-3107] analyzing entity '\dds_compiler_0_xbip_pipe_v3_0_6_viv__parameterized14\'
INFO: [VRFC 10-3107] analyzing entity '\dds_compiler_0_xbip_pipe_v3_0_6_viv__parameterized14_7\'
INFO: [VRFC 10-3107] analyzing entity '\dds_compiler_0_xbip_pipe_v3_0_6_viv__parameterized16\'
INFO: [VRFC 10-3107] analyzing entity '\dds_compiler_0_xbip_pipe_v3_0_6_viv__parameterized16_2\'
INFO: [VRFC 10-3107] analyzing entity '\dds_compiler_0_xbip_pipe_v3_0_6_viv__parameterized16_3\'
INFO: [VRFC 10-3107] analyzing entity '\dds_compiler_0_xbip_pipe_v3_0_6_viv__parameterized16_4\'
INFO: [VRFC 10-3107] analyzing entity '\dds_compiler_0_xbip_pipe_v3_0_6_viv__parameterized16_5\'
INFO: [VRFC 10-3107] analyzing entity '\dds_compiler_0_xbip_pipe_v3_0_6_viv__parameterized16_6\'
INFO: [VRFC 10-3107] analyzing entity '\dds_compiler_0_xbip_pipe_v3_0_6_viv__parameterized18\'
INFO: [VRFC 10-3107] analyzing entity '\dds_compiler_0_xbip_pipe_v3_0_6_viv__parameterized18_1\'
INFO: [VRFC 10-3107] analyzing entity '\dds_compiler_0_xbip_pipe_v3_0_6_viv__parameterized7\'
INFO: [VRFC 10-3107] analyzing entity '\dds_compiler_0_xbip_pipe_v3_0_6_viv__parameterized7_8\'
INFO: [VRFC 10-3107] analyzing entity 'dds_compiler_1_pipe_add'
INFO: [VRFC 10-3107] analyzing entity 'dds_compiler_1_sin_cos'
INFO: [VRFC 10-3107] analyzing entity 'dds_compiler_1_xbip_pipe_v3_0_6_viv'
INFO: [VRFC 10-3107] analyzing entity 'dds_compiler_1_xbip_pipe_v3_0_6_viv_0'
INFO: [VRFC 10-3107] analyzing entity '\dds_compiler_1_xbip_pipe_v3_0_6_viv__parameterized0\'
INFO: [VRFC 10-3107] analyzing entity '\dds_compiler_1_xbip_pipe_v3_0_6_viv__parameterized2\'
INFO: [VRFC 10-3107] analyzing entity '\dds_compiler_1_xbip_pipe_v3_0_6_viv__parameterized8\'
INFO: [VRFC 10-3107] analyzing entity 'mult_gen_ccm_dist_mem'
INFO: [VRFC 10-3107] analyzing entity 'mult_gen_ccm_dist_mem_1'
INFO: [VRFC 10-3107] analyzing entity '\mult_gen_ccm_dist_mem__parameterized0\'
INFO: [VRFC 10-3107] analyzing entity 'mult_gen_ccm_scaled_adder'
INFO: [VRFC 10-3107] analyzing entity '\mult_gen_ccm_scaled_adder__parameterized0\'
INFO: [VRFC 10-3107] analyzing entity 'mult_gen_delay_line'
INFO: [VRFC 10-3107] analyzing entity 'clk_wiz_0'
INFO: [VRFC 10-3107] analyzing entity 'c_addsub_0_c_addsub_v12_0_14_lut6_legacy'
INFO: [VRFC 10-3107] analyzing entity '\c_addsub_0_c_addsub_v12_0_14_lut6_legacy__parameterized1\'
INFO: [VRFC 10-3107] analyzing entity '\c_addsub_0_c_addsub_v12_0_14_lut6_legacy__parameterized3\'
INFO: [VRFC 10-3107] analyzing entity '\c_addsub_0_c_addsub_v12_0_14_lut6_legacy__parameterized5\'
INFO: [VRFC 10-3107] analyzing entity '\c_addsub_0_c_addsub_v12_0_14_lut6_legacy__parameterized5_4\'
INFO: [VRFC 10-3107] analyzing entity 'dds_compiler_0_accum'
INFO: [VRFC 10-3107] analyzing entity 'dds_compiler_0_dds_compiler_v6_0_20_rdy'
INFO: [VRFC 10-3107] analyzing entity 'dds_compiler_0_sin_cos'
INFO: [VRFC 10-3107] analyzing entity 'dds_compiler_1_accum'
INFO: [VRFC 10-3107] analyzing entity 'dds_compiler_1_dds_compiler_v6_0_20_rdy'
INFO: [VRFC 10-3107] analyzing entity 'mult_gen_ccm_syncmem'
INFO: [VRFC 10-3107] analyzing entity 'mult_gen_ccm_syncmem_0'
INFO: [VRFC 10-3107] analyzing entity '\mult_gen_ccm_syncmem__parameterized0\'
INFO: [VRFC 10-3107] analyzing entity 'c_addsub_0_c_addsub_v12_0_14_fabric_legacy'
INFO: [VRFC 10-3107] analyzing entity '\c_addsub_0_c_addsub_v12_0_14_fabric_legacy__parameterized1\'
INFO: [VRFC 10-3107] analyzing entity '\c_addsub_0_c_addsub_v12_0_14_fabric_legacy__parameterized3\'
INFO: [VRFC 10-3107] analyzing entity '\c_addsub_0_c_addsub_v12_0_14_fabric_legacy__parameterized5\'
INFO: [VRFC 10-3107] analyzing entity '\c_addsub_0_c_addsub_v12_0_14_fabric_legacy__parameterized5_2\'
INFO: [VRFC 10-3107] analyzing entity 'dds_compiler_0_dds_compiler_v6_0_20_core'
INFO: [VRFC 10-3107] analyzing entity 'dds_compiler_1_dds_compiler_v6_0_20_core'
INFO: [VRFC 10-3107] analyzing entity 'mult_gen_ccm_operation'
INFO: [VRFC 10-3107] analyzing entity 'c_addsub_0_c_addsub_v12_0_14_legacy'
INFO: [VRFC 10-3107] analyzing entity 'dds_compiler_0_dds_compiler_v6_0_20_viv'
INFO: [VRFC 10-3107] analyzing entity 'dds_compiler_1_dds_compiler_v6_0_20_viv'
INFO: [VRFC 10-3107] analyzing entity 'mult_gen_ccm'
INFO: [VRFC 10-3107] analyzing entity 'dds_compiler_0_dds_compiler_v6_0_20'
INFO: [VRFC 10-3107] analyzing entity 'dds_compiler_1_dds_compiler_v6_0_20'
INFO: [VRFC 10-3107] analyzing entity 'c_addsub_0_c_addsub_v12_0_14_viv'
INFO: [VRFC 10-3107] analyzing entity 'mult_gen_mult_gen_v12_0_16_viv'
INFO: [VRFC 10-3107] analyzing entity 'dds_compiler_0'
INFO: [VRFC 10-3107] analyzing entity 'dds_compiler_1'
INFO: [VRFC 10-3107] analyzing entity 'c_addsub_0_c_addsub_v12_0_14'
INFO: [VRFC 10-3107] analyzing entity 'mult_gen_mult_gen_v12_0_16'
INFO: [VRFC 10-3107] analyzing entity 'c_addsub_0'
INFO: [VRFC 10-3107] analyzing entity 'mult_gen'
INFO: [VRFC 10-3107] analyzing entity 'FM_Modulator_DAC_TopLevel'
