Vivado Simulator 2020.2
Copyright 1986-1999, 2001-2020 Xilinx, Inc. All Rights Reserved.
Running: C:/Xilinx/Vivado/2020.2/bin/unwrapped/win64.o/xelab.exe -wto e6362ae8ad8d4879b8aeb80b63e3e765 --incr --debug typical --relax --mt 2 -L xil_defaultlib -L unisims_ver -L secureip --snapshot FM_Modulator_DAC_TopLevel_func_synth xil_defaultlib.FM_Modulator_DAC_TopLevel xil_defaultlib.glbl -log elaborate.log 
Using 2 slave threads.
Starting static elaboration
Pass Through NonSizing Optimizer
Completed static elaboration
Starting simulation data flow analysis
Completed simulation data flow analysis
Time Resolution for simulation is 1ps
Compiling package std.standard
Compiling package std.textio
Compiling package ieee.std_logic_1164
Compiling package ieee.numeric_std
Compiling package unisim.vcomponents
Compiling package ieee.vital_timing
Compiling package ieee.vital_primitives
Compiling package unisim.vpkg
Compiling package ieee.std_logic_arith
Compiling package ieee.std_logic_signed
Compiling package ieee.std_logic_textio
Compiling module xil_defaultlib.glbl
Compiling architecture gnd_v of entity unisim.GND [gnd_default]
Compiling architecture fdre_v of entity unisim.FDRE [fdre_default]
Compiling architecture structure of entity xil_defaultlib.\c_addsub_0_c_reg_fd_v12_0_6_viv__parameterized1_9\ [\c_addsub_0_c_reg_fd_v12_0_6_viv...]
Compiling architecture structure of entity xil_defaultlib.c_addsub_0_c_reg_fd_v12_0_6_viv_10 [c_addsub_0_c_reg_fd_v12_0_6_viv_...]
Compiling architecture carry4_v of entity unisim.CARRY4 [carry4_default]
Compiling architecture lut1_v of entity unisim.LUT1 [\LUT1(init="0001")(0,3)\]
Compiling architecture structure of entity xil_defaultlib.c_addsub_0_c_addsub_v12_0_14_lut6_legacy [c_addsub_0_c_addsub_v12_0_14_lut...]
Compiling architecture structure of entity xil_defaultlib.c_addsub_0_c_addsub_v12_0_14_fabric_legacy [c_addsub_0_c_addsub_v12_0_14_fab...]
Compiling architecture structure of entity xil_defaultlib.\c_addsub_0_c_reg_fd_v12_0_6_viv__parameterized4_7\ [\c_addsub_0_c_reg_fd_v12_0_6_viv...]
Compiling architecture lut2_v of entity unisim.LUT2 [\LUT2(init="1110")(0,3)\]
Compiling architecture structure of entity xil_defaultlib.c_addsub_0_c_reg_fd_v12_0_6_viv_8 [c_addsub_0_c_reg_fd_v12_0_6_viv_...]
Compiling architecture structure of entity xil_defaultlib.\c_addsub_0_c_addsub_v12_0_14_lut6_legacy__parameterized1\ [\c_addsub_0_c_addsub_v12_0_14_lu...]
Compiling architecture structure of entity xil_defaultlib.\c_addsub_0_c_addsub_v12_0_14_fabric_legacy__parameterized1\ [\c_addsub_0_c_addsub_v12_0_14_fa...]
Compiling architecture structure of entity xil_defaultlib.\c_addsub_0_c_reg_fd_v12_0_6_viv__parameterized4_6\ [\c_addsub_0_c_reg_fd_v12_0_6_viv...]
Compiling architecture structure of entity xil_defaultlib.\c_addsub_0_c_addsub_v12_0_14_lut6_legacy__parameterized3\ [\c_addsub_0_c_addsub_v12_0_14_lu...]
Compiling architecture structure of entity xil_defaultlib.\c_addsub_0_c_addsub_v12_0_14_fabric_legacy__parameterized3\ [\c_addsub_0_c_addsub_v12_0_14_fa...]
Compiling architecture structure of entity xil_defaultlib.\c_addsub_0_c_reg_fd_v12_0_6_viv__parameterized1\ [\c_addsub_0_c_reg_fd_v12_0_6_viv...]
Compiling architecture structure of entity xil_defaultlib.\c_addsub_0_c_reg_fd_v12_0_6_viv__parameterized4_5\ [\c_addsub_0_c_reg_fd_v12_0_6_viv...]
Compiling architecture structure of entity xil_defaultlib.\c_addsub_0_c_addsub_v12_0_14_lut6_legacy__parameterized5_4\ [\c_addsub_0_c_addsub_v12_0_14_lu...]
Compiling architecture structure of entity xil_defaultlib.\c_addsub_0_c_addsub_v12_0_14_fabric_legacy__parameterized5\ [\c_addsub_0_c_addsub_v12_0_14_fa...]
Compiling architecture structure of entity xil_defaultlib.c_addsub_0_c_reg_fd_v12_0_6_viv [c_addsub_0_c_reg_fd_v12_0_6_viv_...]
Compiling architecture structure of entity xil_defaultlib.\c_addsub_0_c_reg_fd_v12_0_6_viv__parameterized4\ [\c_addsub_0_c_reg_fd_v12_0_6_viv...]
Compiling architecture structure of entity xil_defaultlib.\c_addsub_0_c_reg_fd_v12_0_6_viv__parameterized1_0\ [\c_addsub_0_c_reg_fd_v12_0_6_viv...]
Compiling architecture structure of entity xil_defaultlib.\c_addsub_0_c_reg_fd_v12_0_6_viv__parameterized4_1\ [\c_addsub_0_c_reg_fd_v12_0_6_viv...]
Compiling architecture structure of entity xil_defaultlib.\c_addsub_0_c_reg_fd_v12_0_6_viv__parameterized4_3\ [\c_addsub_0_c_reg_fd_v12_0_6_viv...]
Compiling architecture structure of entity xil_defaultlib.\c_addsub_0_c_addsub_v12_0_14_lut6_legacy__parameterized5\ [\c_addsub_0_c_addsub_v12_0_14_lu...]
Compiling architecture structure of entity xil_defaultlib.\c_addsub_0_c_addsub_v12_0_14_fabric_legacy__parameterized5_2\ [\c_addsub_0_c_addsub_v12_0_14_fa...]
Compiling architecture structure of entity xil_defaultlib.c_addsub_0_c_addsub_v12_0_14_legacy [c_addsub_0_c_addsub_v12_0_14_leg...]
Compiling architecture structure of entity xil_defaultlib.c_addsub_0_c_addsub_v12_0_14_viv [c_addsub_0_c_addsub_v12_0_14_viv...]
Compiling architecture structure of entity xil_defaultlib.c_addsub_0_c_addsub_v12_0_14 [c_addsub_0_c_addsub_v12_0_14_def...]
Compiling architecture structure of entity xil_defaultlib.c_addsub_0 [c_addsub_0_default]
Compiling architecture obuf_v of entity unisim.OBUF [\OBUF(1,9)(1,7)(1,4)\]
Compiling architecture lut3_v of entity unisim.LUT3 [\LUT3(init="10111000")(0,7)\]
Compiling architecture fdpe_v of entity unisim.FDPE [\FDPE(init='0')\]
Compiling architecture bufg_v of entity unisim.BUFG [bufg_default]
Compiling architecture ibuf_v of entity unisim.IBUF [\IBUF(1,9)(1,1)(1,4)(1,7)\]
Compiling architecture mmcme2_adv_v of entity unisim.MMCME2_ADV [\MMCME2_ADV(clkfbout_mult_f=10.0...]
Compiling architecture structure of entity xil_defaultlib.clk_wiz_0_clk_wiz_0_clk_wiz [clk_wiz_0_clk_wiz_0_clk_wiz_defa...]
Compiling architecture structure of entity xil_defaultlib.clk_wiz_0 [clk_wiz_0_default]
Compiling architecture fdce_v of entity unisim.FDCE [fdce_default]
Compiling architecture structure of entity xil_defaultlib.\dds_compiler_1_xbip_pipe_v3_0_6_viv__parameterized0\ [\dds_compiler_1_xbip_pipe_v3_0_6...]
Compiling architecture structure of entity xil_defaultlib.\dds_compiler_1_xbip_pipe_v3_0_6_viv__parameterized8\ [\dds_compiler_1_xbip_pipe_v3_0_6...]
Compiling architecture lut4_v of entity unisim.LUT4 [\LUT4(init="0101011010011010")(0...]
Compiling architecture structure of entity xil_defaultlib.dds_compiler_1_pipe_add [dds_compiler_1_pipe_add_default]
Compiling architecture structure of entity xil_defaultlib.dds_compiler_1_accum [dds_compiler_1_accum_default]
Compiling architecture rb18_internal_vhdl_v of entity unisim.RB18_INTERNAL_VHDL [\RB18_INTERNAL_VHDL(bram_size=18...]
Compiling architecture ramb18e1_v of entity unisim.RAMB18E1 [\RAMB18E1(doa_reg=1,init_00="000...]
Compiling architecture structure of entity xil_defaultlib.dds_compiler_1_sin_cos [dds_compiler_1_sin_cos_default]
Compiling architecture lut2_v of entity unisim.LUT2 [\LUT2(init="0001")(0,3)\]
Compiling architecture structure of entity xil_defaultlib.\dds_compiler_1_xbip_pipe_v3_0_6_viv__parameterized2\ [\dds_compiler_1_xbip_pipe_v3_0_6...]
Compiling architecture lut3_v of entity unisim.LUT3 [\LUT3(init="01100100")(0,7)\]
Compiling architecture lut3_v of entity unisim.LUT3 [\LUT3(init="11010000")(0,7)\]
Compiling architecture fdre_v of entity unisim.FDRE [\FDRE(init='1')\]
Compiling architecture structure of entity xil_defaultlib.dds_compiler_1_dds_compiler_v6_0_20_rdy [dds_compiler_1_dds_compiler_v6_0...]
Compiling architecture structure of entity xil_defaultlib.dds_compiler_1_dds_compiler_v6_0_20_core [dds_compiler_1_dds_compiler_v6_0...]
Compiling architecture structure of entity xil_defaultlib.dds_compiler_1_xbip_pipe_v3_0_6_viv [dds_compiler_1_xbip_pipe_v3_0_6_...]
Compiling architecture lut2_v of entity unisim.LUT2 [\LUT2(init="1000")(0,3)\]
Compiling architecture structure of entity xil_defaultlib.dds_compiler_1_xbip_pipe_v3_0_6_viv_0 [dds_compiler_1_xbip_pipe_v3_0_6_...]
Compiling architecture structure of entity xil_defaultlib.dds_compiler_1_dds_compiler_v6_0_20_viv [dds_compiler_1_dds_compiler_v6_0...]
Compiling architecture structure of entity xil_defaultlib.dds_compiler_1_dds_compiler_v6_0_20 [dds_compiler_1_dds_compiler_v6_0...]
Compiling architecture structure of entity xil_defaultlib.dds_compiler_1 [dds_compiler_1_default]
Compiling architecture lut2_v of entity unisim.LUT2 [\LUT2(init="0110")(0,3)\]
Compiling architecture lut2_v of entity unisim.LUT2 [\LUT2(init="1001")(0,3)\]
Compiling architecture structure of entity xil_defaultlib.\dds_compiler_0_xbip_pipe_v3_0_6_viv__parameterized7_8\ [\dds_compiler_0_xbip_pipe_v3_0_6...]
Compiling architecture structure of entity xil_defaultlib.dds_compiler_0_pipe_add_9 [dds_compiler_0_pipe_add_9_defaul...]
Compiling architecture structure of entity xil_defaultlib.dds_compiler_0_accum [dds_compiler_0_accum_default]
Compiling architecture structure of entity xil_defaultlib.dds_compiler_0_dither_wrap [dds_compiler_0_dither_wrap_defau...]
Compiling architecture structure of entity xil_defaultlib.dds_compiler_0_pipe_add [dds_compiler_0_pipe_add_default]
Compiling architecture structure of entity xil_defaultlib.\dds_compiler_0_xbip_pipe_v3_0_6_viv__parameterized7\ [\dds_compiler_0_xbip_pipe_v3_0_6...]
Compiling architecture lut3_v of entity unisim.LUT3 [\LUT3(init="10010110")(0,7)\]
Compiling architecture srl16e_v of entity unisim.SRL16E [\SRL16E(0,15)\]
Compiling architecture structure of entity xil_defaultlib.\dds_compiler_0_xbip_pipe_v3_0_6_viv__parameterized12\ [\dds_compiler_0_xbip_pipe_v3_0_6...]
Compiling architecture rb36_internal_vhdl_v of entity unisim.RB36_INTERNAL_VHDL [\RB36_INTERNAL_VHDL(doa_reg=1,in...]
Compiling architecture ramb36e1_v of entity unisim.RAMB36E1 [\RAMB36E1(doa_reg=1,init_00="000...]
Compiling architecture structure of entity xil_defaultlib.\dds_compiler_0_xbip_pipe_v3_0_6_viv__parameterized18\ [\dds_compiler_0_xbip_pipe_v3_0_6...]
Compiling architecture structure of entity xil_defaultlib.\dds_compiler_0_xbip_pipe_v3_0_6_viv__parameterized16\ [\dds_compiler_0_xbip_pipe_v3_0_6...]
Compiling architecture structure of entity xil_defaultlib.\dds_compiler_0_xbip_pipe_v3_0_6_viv__parameterized18_1\ [\dds_compiler_0_xbip_pipe_v3_0_6...]
Compiling architecture structure of entity xil_defaultlib.\dds_compiler_0_xbip_pipe_v3_0_6_viv__parameterized16_2\ [\dds_compiler_0_xbip_pipe_v3_0_6...]
Compiling architecture structure of entity xil_defaultlib.\dds_compiler_0_xbip_pipe_v3_0_6_viv__parameterized16_3\ [\dds_compiler_0_xbip_pipe_v3_0_6...]
Compiling architecture structure of entity xil_defaultlib.\dds_compiler_0_xbip_pipe_v3_0_6_viv__parameterized16_4\ [\dds_compiler_0_xbip_pipe_v3_0_6...]
Compiling architecture structure of entity xil_defaultlib.\dds_compiler_0_xbip_pipe_v3_0_6_viv__parameterized16_5\ [\dds_compiler_0_xbip_pipe_v3_0_6...]
Compiling architecture structure of entity xil_defaultlib.\dds_compiler_0_xbip_pipe_v3_0_6_viv__parameterized16_6\ [\dds_compiler_0_xbip_pipe_v3_0_6...]
Compiling architecture lut3_v of entity unisim.LUT3 [\LUT3(init="01101100")(0,7)\]
Compiling architecture lut4_v of entity unisim.LUT4 [\LUT4(init="0001111011110000")(0...]
Compiling architecture lut5_v of entity unisim.LUT5 [\LUT5(init="00000001111111101111...]
Compiling architecture lut6_v of entity unisim.LUT6 [\LUT6(init="00000000000000011111...]
Compiling architecture lut4_v of entity unisim.LUT4 [\LUT4(init="0010110101111000")(0...]
Compiling architecture lut4_v of entity unisim.LUT4 [\LUT4(init="0000100001000000")(0...]
Compiling architecture lut6_v of entity unisim.LUT6 [\LUT6(init="00000000000000000000...]
Compiling architecture structure of entity xil_defaultlib.\dds_compiler_0_xbip_pipe_v3_0_6_viv__parameterized14\ [\dds_compiler_0_xbip_pipe_v3_0_6...]
Compiling architecture lut4_v of entity unisim.LUT4 [\LUT4(init="1100011001101100")(0...]
Compiling architecture lut5_v of entity unisim.LUT5 [\LUT5(init="11110000000111100001...]
Compiling architecture lut6_v of entity unisim.LUT6 [\LUT6(init="11111111000000000000...]
Compiling architecture lut5_v of entity unisim.LUT5 [\LUT5(init="01111000001011010010...]
Compiling architecture lut6_v of entity unisim.LUT6 [\LUT6(init="01111111100000000000...]
Compiling architecture lut6_v of entity unisim.LUT6 [\LUT6(init="10000000000010000000...]
Compiling architecture lut6_v of entity unisim.LUT6 [\LUT6(init="00000000000000000000...]
Compiling architecture structure of entity xil_defaultlib.\dds_compiler_0_xbip_pipe_v3_0_6_viv__parameterized14_7\ [\dds_compiler_0_xbip_pipe_v3_0_6...]
Compiling architecture lut3_v of entity unisim.LUT3 [\LUT3(init="01111000")(0,7)\]
Compiling architecture lut4_v of entity unisim.LUT4 [\LUT4(init="0111111110000000")(0...]
Compiling architecture lut5_v of entity unisim.LUT5 [\LUT5(init="01111111111111111000...]
Compiling architecture lut6_v of entity unisim.LUT6 [\LUT6(init="01111111111111111111...]
Compiling architecture lut6_v of entity unisim.LUT6 [\LUT6(init="10000000000000000000...]
Compiling architecture structure of entity xil_defaultlib.dds_compiler_0_sin_cos [dds_compiler_0_sin_cos_default]
Compiling architecture lut3_v of entity unisim.LUT3 [\LUT3(init="00000001")(0,7)\]
Compiling architecture structure of entity xil_defaultlib.\dds_compiler_0_xbip_pipe_v3_0_6_viv__parameterized1\ [\dds_compiler_0_xbip_pipe_v3_0_6...]
Compiling architecture lut3_v of entity unisim.LUT3 [\LUT3(init="00001110")(0,7)\]
Compiling architecture lut3_v of entity unisim.LUT3 [\LUT3(init="10100100")(0,7)\]
Compiling architecture lut3_v of entity unisim.LUT3 [\LUT3(init="11001000")(0,7)\]
Compiling architecture structure of entity xil_defaultlib.dds_compiler_0_dds_compiler_v6_0_20_rdy [dds_compiler_0_dds_compiler_v6_0...]
Compiling architecture structure of entity xil_defaultlib.dds_compiler_0_dds_compiler_v6_0_20_core [dds_compiler_0_dds_compiler_v6_0...]
Compiling architecture structure of entity xil_defaultlib.dds_compiler_0_xbip_pipe_v3_0_6_viv [dds_compiler_0_xbip_pipe_v3_0_6_...]
Compiling architecture structure of entity xil_defaultlib.dds_compiler_0_xbip_pipe_v3_0_6_viv_0 [dds_compiler_0_xbip_pipe_v3_0_6_...]
Compiling architecture structure of entity xil_defaultlib.dds_compiler_0_dds_compiler_v6_0_20_viv [dds_compiler_0_dds_compiler_v6_0...]
Compiling architecture structure of entity xil_defaultlib.dds_compiler_0_dds_compiler_v6_0_20 [dds_compiler_0_dds_compiler_v6_0...]
Compiling architecture structure of entity xil_defaultlib.dds_compiler_0 [dds_compiler_0_default]
Compiling architecture lut4_v of entity unisim.LUT4 [\LUT4(init="0000110100001100")(0...]
Compiling architecture lut4_v of entity unisim.LUT4 [\LUT4(init="1111111010000000")(0...]
Compiling architecture lut4_v of entity unisim.LUT4 [\LUT4(init="1010101011101010")(0...]
Compiling architecture fdpe_v of entity unisim.FDPE [fdpe_default]
Compiling architecture lut6_v of entity unisim.LUT6 [\LUT6(init="01001010010100101101...]
Compiling architecture lut6_v of entity unisim.LUT6 [\LUT6(init="01101100100110110110...]
Compiling architecture lut6_v of entity unisim.LUT6 [\LUT6(init="10001111000111000111...]
Compiling architecture lut6_v of entity unisim.LUT6 [\LUT6(init="01011010101101010010...]
Compiling architecture lut6_v of entity unisim.LUT6 [\LUT6(init="01101100110110011011...]
Compiling architecture lut6_v of entity unisim.LUT6 [\LUT6(init="01110000111000011100...]
Compiling architecture lut6_v of entity unisim.LUT6 [\LUT6(init="10000000111111100000...]
Compiling architecture lut6_v of entity unisim.LUT6 [\LUT6(init="10101010010101010101...]
Compiling architecture lut6_v of entity unisim.LUT6 [\LUT6(init="01100110001100110011...]
Compiling architecture lut6_v of entity unisim.LUT6 [\LUT6(init="01001011010110100101...]
Compiling architecture lut6_v of entity unisim.LUT6 [\LUT6(init="01110011100111000110...]
Compiling architecture lut6_v of entity unisim.LUT6 [\LUT6(init="01111100000111111000...]
Compiling architecture lut6_v of entity unisim.LUT6 [\LUT6(init="01111111111000000000...]
Compiling architecture lut6_v of entity unisim.LUT6 [\LUT6(init="10000000000000000000...]
Compiling architecture lut5_v of entity unisim.LUT5 [\LUT5(init="11111111111000000000...]
Compiling architecture lut6_v of entity unisim.LUT6 [\LUT6(init="10011001101100110011...]
Compiling architecture lut6_v of entity unisim.LUT6 [\LUT6(init="01111000011100001111...]
Compiling architecture lut6_v of entity unisim.LUT6 [\LUT6(init="01010010101001010101...]
Compiling architecture lut6_v of entity unisim.LUT6 [\LUT6(init="10011100110001100110...]
Compiling architecture structure of entity xil_defaultlib.mult_gen_ccm_dist_mem_1 [mult_gen_ccm_dist_mem_1_default]
Compiling architecture structure of entity xil_defaultlib.mult_gen_ccm_syncmem [mult_gen_ccm_syncmem_default]
Compiling architecture lut4_v of entity unisim.LUT4 [\LUT4(init="0011100111000110")(0...]
Compiling architecture lut5_v of entity unisim.LUT5 [\LUT5(init="00000111110000011111...]
Compiling architecture lut6_v of entity unisim.LUT6 [\LUT6(init="10101010100101010101...]
Compiling architecture structure of entity xil_defaultlib.mult_gen_ccm_scaled_adder [mult_gen_ccm_scaled_adder_defaul...]
Compiling architecture structure of entity xil_defaultlib.mult_gen_ccm_dist_mem [mult_gen_ccm_dist_mem_default]
Compiling architecture structure of entity xil_defaultlib.mult_gen_ccm_syncmem_0 [mult_gen_ccm_syncmem_0_default]
Compiling architecture lut4_v of entity unisim.LUT4 [\LUT4(init="0101101001001010")(0...]
Compiling architecture lut4_v of entity unisim.LUT4 [\LUT4(init="1001001101101100")(0...]
Compiling architecture lut4_v of entity unisim.LUT4 [\LUT4(init="0101011000101010")(0...]
Compiling architecture lut4_v of entity unisim.LUT4 [\LUT4(init="1001101101001100")(0...]
Compiling architecture lut4_v of entity unisim.LUT4 [\LUT4(init="1110001101110000")(0...]
Compiling architecture lut4_v of entity unisim.LUT4 [\LUT4(init="1111110010000000")(0...]
Compiling architecture lut3_v of entity unisim.LUT3 [\LUT3(init="00110110")(0,7)\]
Compiling architecture lut4_v of entity unisim.LUT4 [\LUT4(init="1010010110110100")(0...]
Compiling architecture lut4_v of entity unisim.LUT4 [\LUT4(init="1100011000111000")(0...]
Compiling architecture lut4_v of entity unisim.LUT4 [\LUT4(init="1111100011000000")(0...]
Compiling architecture lut4_v of entity unisim.LUT4 [\LUT4(init="0000011100111110")(0...]
Compiling architecture lut4_v of entity unisim.LUT4 [\LUT4(init="1010101001010100")(0...]
Compiling architecture lut4_v of entity unisim.LUT4 [\LUT4(init="0110011000110010")(0...]
Compiling architecture lut4_v of entity unisim.LUT4 [\LUT4(init="0001111000001110")(0...]
Compiling architecture lut4_v of entity unisim.LUT4 [\LUT4(init="1010101101010100")(0...]
Compiling architecture lut4_v of entity unisim.LUT4 [\LUT4(init="1100110010011000")(0...]
Compiling architecture structure of entity xil_defaultlib.\mult_gen_ccm_dist_mem__parameterized0\ [\mult_gen_ccm_dist_mem__paramete...]
Compiling architecture structure of entity xil_defaultlib.\mult_gen_ccm_syncmem__parameterized0\ [\mult_gen_ccm_syncmem__parameter...]
Compiling architecture structure of entity xil_defaultlib.mult_gen_delay_line [mult_gen_delay_line_default]
Compiling architecture structure of entity xil_defaultlib.\mult_gen_ccm_scaled_adder__parameterized0\ [\mult_gen_ccm_scaled_adder__para...]
Compiling architecture structure of entity xil_defaultlib.mult_gen_ccm_operation [mult_gen_ccm_operation_default]
Compiling architecture structure of entity xil_defaultlib.mult_gen_ccm [mult_gen_ccm_default]
Compiling architecture structure of entity xil_defaultlib.mult_gen_mult_gen_v12_0_16_viv [mult_gen_mult_gen_v12_0_16_viv_d...]
Compiling architecture structure of entity xil_defaultlib.mult_gen_mult_gen_v12_0_16 [mult_gen_mult_gen_v12_0_16_defau...]
Compiling architecture structure of entity xil_defaultlib.mult_gen [mult_gen_default]
Compiling architecture structure of entity xil_defaultlib.fm_modulator_dac_toplevel
Built simulation snapshot FM_Modulator_DAC_TopLevel_func_synth
