#-----------------------------------------------------------
# Vivado v2018.3 (64-bit)
# SW Build 2405991 on Thu Dec  6 23:38:27 MST 2018
# IP Build 2404404 on Fri Dec  7 01:43:56 MST 2018
# Start of session at: Thu Apr 16 13:18:31 2026
# Process ID: 18768
# Current directory: C:/Users/fmabrouk/Downloads/FM_Mod
# Command line: vivado.exe -mode batch -source ProjectGeneration.tcl -notrace
# Log file: C:/Users/fmabrouk/Downloads/FM_Mod/vivado.log
# Journal file: C:/Users/fmabrouk/Downloads/FM_Mod\vivado.jou
#-----------------------------------------------------------
source ProjectGeneration.tcl -notrace
WARNING: [Coretcl 2-176] No IPs found
INFO: [IP_Flow 19-234] Refreshing IP repositories
INFO: [IP_Flow 19-1704] No user IP repositories specified
INFO: [IP_Flow 19-2313] Loaded Vivado IP repository 'C:/Xilinx/Vivado/2018.3/data/ip'.
WARNING: [Vivado 12-3523] Attempt to change 'Component_Name' from 'fm_mod_c_addsub_v12_0_i0' to 'fm_mod_c_addsub_v12_0_i0' is not allowed and is ignored.
WARNING: [IP_Flow 19-3374] An attempt to modify the value of disabled parameter 'B_Value' from '000000000000000000000000000000000000000000000000000000' to '0' has been ignored for IP 'fm_mod_c_addsub_v12_0_i0'
WARNING: [IP_Flow 19-3374] An attempt to modify the value of disabled parameter 'Bypass_Sense' from 'Active_High' to 'Active_Low' has been ignored for IP 'fm_mod_c_addsub_v12_0_i0'
WARNING: [IP_Flow 19-3374] An attempt to modify the value of disabled parameter 'Bypass_CE_Priority' from 'CE_Overrides_Bypass' to 'Bypass_Overrides_CE' has been ignored for IP 'fm_mod_c_addsub_v12_0_i0'
WARNING: [Vivado 12-3523] Attempt to change 'Component_Name' from 'fm_mod_c_addsub_v12_0_i1' to 'fm_mod_c_addsub_v12_0_i1' is not allowed and is ignored.
WARNING: [IP_Flow 19-3374] An attempt to modify the value of disabled parameter 'B_Value' from '000000000000000000000000000000000000000000000000000000000000000000000' to '0' has been ignored for IP 'fm_mod_c_addsub_v12_0_i1'
WARNING: [IP_Flow 19-3374] An attempt to modify the value of disabled parameter 'Bypass_Sense' from 'Active_High' to 'Active_Low' has been ignored for IP 'fm_mod_c_addsub_v12_0_i1'
WARNING: [IP_Flow 19-3374] An attempt to modify the value of disabled parameter 'Bypass_CE_Priority' from 'CE_Overrides_Bypass' to 'Bypass_Overrides_CE' has been ignored for IP 'fm_mod_c_addsub_v12_0_i1'
WARNING: [IP_Flow 19-4832] The IP name 'fm_mod_c_counter_binary_v12_0_i0' you have specified is long. The Windows operating system has path length limitations. It is recommended you use shorter names to reduce the likelihood of issues.
WARNING: [Vivado 12-3523] Attempt to change 'Component_Name' from 'fm_mod_c_counter_binary_v12_0_i0' to 'fm_mod_c_counter_binary_v12_0_i0' is not allowed and is ignored.
WARNING: [IP_Flow 19-4832] The IP name 'fm_mod_dds_compiler_v6_0_i0' you have specified is long. The Windows operating system has path length limitations. It is recommended you use shorter names to reduce the likelihood of issues.
WARNING: [Vivado 12-3523] Attempt to change 'Component_Name' from 'fm_mod_dds_compiler_v6_0_i0' to 'fm_mod_dds_compiler_v6_0_i0' is not allowed and is ignored.
WARNING: [IP_Flow 19-4832] The IP name 'fm_mod_dds_compiler_v6_0_i1' you have specified is long. The Windows operating system has path length limitations. It is recommended you use shorter names to reduce the likelihood of issues.
WARNING: [Vivado 12-3523] Attempt to change 'Component_Name' from 'fm_mod_dds_compiler_v6_0_i1' to 'fm_mod_dds_compiler_v6_0_i1' is not allowed and is ignored.
WARNING: [IP_Flow 19-4832] The IP name 'fm_mod_fir_compiler_v7_2_i0' you have specified is long. The Windows operating system has path length limitations. It is recommended you use shorter names to reduce the likelihood of issues.
WARNING: [Vivado 12-3523] Attempt to change 'Component_Name' from 'fm_mod_fir_compiler_v7_2_i0' to 'fm_mod_fir_compiler_v7_2_i0' is not allowed and is ignored.
WARNING: [IP_Flow 19-4832] The IP name 'fm_mod_fir_compiler_v7_2_i1' you have specified is long. The Windows operating system has path length limitations. It is recommended you use shorter names to reduce the likelihood of issues.
WARNING: [Vivado 12-3523] Attempt to change 'Component_Name' from 'fm_mod_fir_compiler_v7_2_i1' to 'fm_mod_fir_compiler_v7_2_i1' is not allowed and is ignored.
WARNING: [Vivado 12-3523] Attempt to change 'Component_Name' from 'fm_mod_mult_gen_v12_0_i0' to 'fm_mod_mult_gen_v12_0_i0' is not allowed and is ignored.
WARNING: [Vivado 12-3523] Attempt to change 'Component_Name' from 'fm_mod_mult_gen_v12_0_i1' to 'fm_mod_mult_gen_v12_0_i1' is not allowed and is ignored.
WARNING: [Vivado 12-3523] Attempt to change 'Component_Name' from 'fm_mod_mult_gen_v12_0_i2' to 'fm_mod_mult_gen_v12_0_i2' is not allowed and is ignored.
IP Repository Located at : C:/Xilinx/Vivado/2018.3/data/ip
Scanning sources...
Finished scanning sources
INFO: [IP_Flow 19-234] Refreshing IP repositories
INFO: [IP_Flow 19-1704] No user IP repositories specified
INFO: [IP_Flow 19-2313] Loaded Vivado IP repository 'C:/Xilinx/Vivado/2018.3/data/ip'.
Adding File c:/Users/fmabrouk/Downloads/FM_Mod/ip_catalog/fm_mod.srcs/sources_1/ip/fm_mod_c_addsub_v12_0_i0/fm_mod_c_addsub_v12_0_i0.xci
Adding File c:/Users/fmabrouk/Downloads/FM_Mod/ip_catalog/fm_mod.srcs/sources_1/ip/fm_mod_c_addsub_v12_0_i1/fm_mod_c_addsub_v12_0_i1.xci
Adding File c:/Users/fmabrouk/Downloads/FM_Mod/ip_catalog/fm_mod.srcs/sources_1/ip/fm_mod_c_counter_binary_v12_0_i0/fm_mod_c_counter_binary_v12_0_i0.xci
Adding File c:/Users/fmabrouk/Downloads/FM_Mod/ip_catalog/fm_mod.srcs/sources_1/ip/fm_mod_dds_compiler_v6_0_i0/fm_mod_dds_compiler_v6_0_i0.xci
Adding File c:/Users/fmabrouk/Downloads/FM_Mod/ip_catalog/fm_mod.srcs/sources_1/ip/fm_mod_dds_compiler_v6_0_i1/fm_mod_dds_compiler_v6_0_i1.xci
Adding File c:/Users/fmabrouk/Downloads/FM_Mod/ip_catalog/fm_mod.srcs/sources_1/ip/fm_mod_fir_compiler_v7_2_i0/fm_mod_fir_compiler_v7_2_i0.xci
Adding File c:/Users/fmabrouk/Downloads/FM_Mod/ip_catalog/fm_mod.srcs/sources_1/ip/fm_mod_fir_compiler_v7_2_i1/fm_mod_fir_compiler_v7_2_i1.xci
Adding File c:/Users/fmabrouk/Downloads/FM_Mod/ip_catalog/fm_mod.srcs/sources_1/ip/fm_mod_mult_gen_v12_0_i0/fm_mod_mult_gen_v12_0_i0.xci
Adding File c:/Users/fmabrouk/Downloads/FM_Mod/ip_catalog/fm_mod.srcs/sources_1/ip/fm_mod_mult_gen_v12_0_i1/fm_mod_mult_gen_v12_0_i1.xci
Adding File c:/Users/fmabrouk/Downloads/FM_Mod/ip_catalog/fm_mod.srcs/sources_1/ip/fm_mod_mult_gen_v12_0_i2/fm_mod_mult_gen_v12_0_i2.xci
Adding File C:/Users/fmabrouk/Downloads/FM_Mod/sysgen/fm_mod.xdc
Adding File C:/Users/fmabrouk/Downloads/FM_Mod/sysgen/fm_mod.htm
INFO: [IP_Flow 19-5107] Inferred bus interface 'clk' of definition 'xilinx.com:signal:clock:1.0' (from TCL Argument).
WARNING: [IP_Flow 19-3153] Bus Interface 'clk': ASSOCIATED_BUSIF bus parameter is missing.
INFO: [IP_Flow 19-2181] Payment Required is not set for this core.
INFO: [Ipptcl 7-1486] check_integrity: Integrity check passed.
INFO: [IP_Flow 19-234] Refreshing IP repositories
INFO: [IP_Flow 19-1700] Loaded user IP repository 'c:/Users/fmabrouk/Downloads/FM_Mod/ip'.
WARNING: [IP_Flow 19-3656] If you move the project, the path for repository 'c:/Users/fmabrouk/Downloads/FM_Mod/ip' may become invalid. A better location for the repository would be in a path adjacent to the project. (Current project location is 'c:/Users/fmabrouk/Downloads/FM_Mod/ip_catalog'.)
0
Wrote  : <C:\Users\fmabrouk\Downloads\FM_Mod\ip_catalog\fm_mod.srcs\sources_1\bd\fm_mod_bd\fm_mod_bd.bd> 
WARNING: [BD 5-232] No interface pins matched 'get_bd_intf_pins /fm_mod_1/*'
WARNING: [BD 5-232] No interface pins matched 'get_bd_intf_pins /fm_mod_1/*'
WARNING: [BD 41-927] Following properties on pin /fm_mod_1/clk have been updated from connected ip. They may not be synchronized with cell properties. You can set property on pin directly to confirm the value and resolve the warning.
	CLK_DOMAIN=fm_mod_bd_clk 
WARNING: [BD 5-232] No interface pins matched 'get_bd_intf_pins /fm_mod_1/*'
Wrote  : <C:\Users\fmabrouk\Downloads\FM_Mod\ip_catalog\fm_mod.srcs\sources_1\bd\fm_mod_bd\fm_mod_bd.bd> 
INFO: Setting More Options property of synthesis to -mode out_of_context.
INFO: To enable analysis of IP Catalog flow results the top module is set to fm_mod_stub.
INFO: SG_Analyzer -- Running synth_1 ...
INFO: [BD 41-1662] The design 'fm_mod_bd.bd' is already validated. Therefore parameter propagation will not be re-run.
VHDL Output written to : C:/Users/fmabrouk/Downloads/FM_Mod/ip_catalog/fm_mod.srcs/sources_1/bd/fm_mod_bd/synth/fm_mod_bd.vhd
VHDL Output written to : C:/Users/fmabrouk/Downloads/FM_Mod/ip_catalog/fm_mod.srcs/sources_1/bd/fm_mod_bd/sim/fm_mod_bd.vhd
VHDL Output written to : C:/Users/fmabrouk/Downloads/FM_Mod/ip_catalog/fm_mod.srcs/sources_1/bd/fm_mod_bd/hdl/fm_mod_bd_wrapper.vhd
INFO: [BD 41-1029] Generation completed for the IP Integrator block fm_mod_1 .
Exporting to file C:/Users/fmabrouk/Downloads/FM_Mod/ip_catalog/fm_mod.srcs/sources_1/bd/fm_mod_bd/hw_handoff/fm_mod_bd.hwh
Generated Block Design Tcl file C:/Users/fmabrouk/Downloads/FM_Mod/ip_catalog/fm_mod.srcs/sources_1/bd/fm_mod_bd/hw_handoff/fm_mod_bd_bd.tcl
Generated Hardware Definition File C:/Users/fmabrouk/Downloads/FM_Mod/ip_catalog/fm_mod.srcs/sources_1/bd/fm_mod_bd/synth/fm_mod_bd.hwdef
[Thu Apr 16 13:19:30 2026] Launched fm_mod_bd_fm_mod_1_0_synth_1...
Run output will be captured here: C:/Users/fmabrouk/Downloads/FM_Mod/ip_catalog/fm_mod.runs/fm_mod_bd_fm_mod_1_0_synth_1/runme.log
[Thu Apr 16 13:19:30 2026] Launched synth_1...
Run output will be captured here: C:/Users/fmabrouk/Downloads/FM_Mod/ip_catalog/fm_mod.runs/synth_1/runme.log
launch_runs: Time (s): cpu = 00:00:09 ; elapsed = 00:00:31 . Memory (MB): peak = 560.930 ; gain = 85.637
[Thu Apr 16 13:19:30 2026] Waiting for synth_1 to finish...

*** Running vivado
    with args -log fm_mod_bd_wrapper.vds -m64 -product Vivado -mode batch -messageDb vivado.pb -notrace -source fm_mod_bd_wrapper.tcl


****** Vivado v2018.3 (64-bit)
  **** SW Build 2405991 on Thu Dec  6 23:38:27 MST 2018
  **** IP Build 2404404 on Fri Dec  7 01:43:56 MST 2018
    ** Copyright 1986-2018 Xilinx, Inc. All Rights Reserved.

source fm_mod_bd_wrapper.tcl -notrace
INFO: [IP_Flow 19-234] Refreshing IP repositories
INFO: [IP_Flow 19-1700] Loaded user IP repository 'c:/Users/fmabrouk/Downloads/FM_Mod/ip'.
WARNING: [IP_Flow 19-3656] If you move the project, the path for repository 'c:/Users/fmabrouk/Downloads/FM_Mod/ip' may become invalid. A better location for the repository would be in a path adjacent to the project. (Current project location is 'c:/Users/fmabrouk/Downloads/FM_Mod/ip_catalog/fm_mod.runs/synth_1'.)
INFO: [IP_Flow 19-2313] Loaded Vivado IP repository 'C:/Xilinx/Vivado/2018.3/data/ip'.
Command: synth_design -top fm_mod_bd_wrapper -part xc7s50csga324-2 -mode out_of_context
Starting synth_design
Attempting to get a license for feature 'Synthesis' and/or device 'xc7s50'
INFO: [Common 17-349] Got license for feature 'Synthesis' and/or device 'xc7s50'
INFO: Launching helper process for spawning children vivado processes
INFO: Helper process launched with PID 20728 
---------------------------------------------------------------------------------
Starting RTL Elaboration : Time (s): cpu = 00:00:03 ; elapsed = 00:00:04 . Memory (MB): peak = 434.531 ; gain = 102.742
---------------------------------------------------------------------------------
INFO: [Synth 8-638] synthesizing module 'fm_mod_bd_wrapper' [C:/Users/fmabrouk/Downloads/FM_Mod/ip_catalog/fm_mod.srcs/sources_1/imports/hdl/fm_mod_bd_wrapper.vhd:22]
INFO: [Synth 8-3491] module 'fm_mod_bd' declared at 'C:/Users/fmabrouk/Downloads/FM_Mod/ip_catalog/fm_mod.srcs/sources_1/bd/fm_mod_bd/synth/fm_mod_bd.vhd:14' bound to instance 'fm_mod_bd_i' of component 'fm_mod_bd' [C:/Users/fmabrouk/Downloads/FM_Mod/ip_catalog/fm_mod.srcs/sources_1/imports/hdl/fm_mod_bd_wrapper.vhd:31]
INFO: [Synth 8-638] synthesizing module 'fm_mod_bd' [C:/Users/fmabrouk/Downloads/FM_Mod/ip_catalog/fm_mod.srcs/sources_1/bd/fm_mod_bd/synth/fm_mod_bd.vhd:26]
INFO: [Synth 8-3491] module 'fm_mod_bd_fm_mod_1_0' declared at 'C:/Users/fmabrouk/Downloads/FM_Mod/ip_catalog/fm_mod.runs/synth_1/.Xil/Vivado-20868-lvanoffice-208/realtime/fm_mod_bd_fm_mod_1_0_stub.vhdl:5' bound to instance 'fm_mod_1' of component 'fm_mod_bd_fm_mod_1_0' [C:/Users/fmabrouk/Downloads/FM_Mod/ip_catalog/fm_mod.srcs/sources_1/bd/fm_mod_bd/synth/fm_mod_bd.vhd:49]
INFO: [Synth 8-638] synthesizing module 'fm_mod_bd_fm_mod_1_0' [C:/Users/fmabrouk/Downloads/FM_Mod/ip_catalog/fm_mod.runs/synth_1/.Xil/Vivado-20868-lvanoffice-208/realtime/fm_mod_bd_fm_mod_1_0_stub.vhdl:14]
INFO: [Synth 8-256] done synthesizing module 'fm_mod_bd' (1#1) [C:/Users/fmabrouk/Downloads/FM_Mod/ip_catalog/fm_mod.srcs/sources_1/bd/fm_mod_bd/synth/fm_mod_bd.vhd:26]
INFO: [Synth 8-256] done synthesizing module 'fm_mod_bd_wrapper' (2#1) [C:/Users/fmabrouk/Downloads/FM_Mod/ip_catalog/fm_mod.srcs/sources_1/imports/hdl/fm_mod_bd_wrapper.vhd:22]
---------------------------------------------------------------------------------
Finished RTL Elaboration : Time (s): cpu = 00:00:04 ; elapsed = 00:00:05 . Memory (MB): peak = 489.539 ; gain = 157.750
---------------------------------------------------------------------------------

Report Check Netlist: 
+------+------------------+-------+---------+-------+------------------+
|      |Item              |Errors |Warnings |Status |Description       |
+------+------------------+-------+---------+-------+------------------+
|1     |multi_driven_nets |      0|        0|Passed |Multi driven nets |
+------+------------------+-------+---------+-------+------------------+
---------------------------------------------------------------------------------
Start Handling Custom Attributes
---------------------------------------------------------------------------------
---------------------------------------------------------------------------------
Finished Handling Custom Attributes : Time (s): cpu = 00:00:04 ; elapsed = 00:00:06 . Memory (MB): peak = 489.539 ; gain = 157.750
---------------------------------------------------------------------------------
---------------------------------------------------------------------------------
Finished RTL Optimization Phase 1 : Time (s): cpu = 00:00:04 ; elapsed = 00:00:06 . Memory (MB): peak = 489.539 ; gain = 157.750
---------------------------------------------------------------------------------
INFO: [Device 21-403] Loading part xc7s50csga324-2
INFO: [Project 1-570] Preparing netlist for logic optimization

Processing XDC Constraints
Initializing timing engine
Parsing XDC File [c:/Users/fmabrouk/Downloads/FM_Mod/ip_catalog/fm_mod.srcs/sources_1/bd/fm_mod_bd/ip/fm_mod_bd_fm_mod_1_0/fm_mod_bd_fm_mod_1_0/fm_mod_bd_fm_mod_1_0_in_context.xdc] for cell 'fm_mod_bd_i/fm_mod_1'
Finished Parsing XDC File [c:/Users/fmabrouk/Downloads/FM_Mod/ip_catalog/fm_mod.srcs/sources_1/bd/fm_mod_bd/ip/fm_mod_bd_fm_mod_1_0/fm_mod_bd_fm_mod_1_0/fm_mod_bd_fm_mod_1_0_in_context.xdc] for cell 'fm_mod_bd_i/fm_mod_1'
Parsing XDC File [C:/Users/fmabrouk/Downloads/FM_Mod/ip_catalog/fm_mod.srcs/constrs_1/imports/sysgen/fm_mod_clock.xdc]
Finished Parsing XDC File [C:/Users/fmabrouk/Downloads/FM_Mod/ip_catalog/fm_mod.srcs/constrs_1/imports/sysgen/fm_mod_clock.xdc]
Parsing XDC File [C:/Users/fmabrouk/Downloads/FM_Mod/ip_catalog/fm_mod.srcs/constrs_1/imports/sysgen/fm_mod.xdc]
Finished Parsing XDC File [C:/Users/fmabrouk/Downloads/FM_Mod/ip_catalog/fm_mod.srcs/constrs_1/imports/sysgen/fm_mod.xdc]
Parsing XDC File [C:/Users/fmabrouk/Downloads/FM_Mod/ip_catalog/fm_mod.runs/synth_1/dont_touch.xdc]
Finished Parsing XDC File [C:/Users/fmabrouk/Downloads/FM_Mod/ip_catalog/fm_mod.runs/synth_1/dont_touch.xdc]
Completed Processing XDC Constraints

Netlist sorting complete. Time (s): cpu = 00:00:00 ; elapsed = 00:00:00 . Memory (MB): peak = 727.273 ; gain = 0.000
INFO: [Project 1-111] Unisim Transformation Summary:
No Unisim elements were transformed.

Netlist sorting complete. Time (s): cpu = 00:00:00 ; elapsed = 00:00:00 . Memory (MB): peak = 727.273 ; gain = 0.000
Constraint Validation Runtime : Time (s): cpu = 00:00:00 ; elapsed = 00:00:00.044 . Memory (MB): peak = 728.648 ; gain = 1.375
---------------------------------------------------------------------------------
Finished Constraint Validation : Time (s): cpu = 00:00:14 ; elapsed = 00:00:35 . Memory (MB): peak = 728.648 ; gain = 396.859
---------------------------------------------------------------------------------
---------------------------------------------------------------------------------
Start Loading Part and Timing Information
---------------------------------------------------------------------------------
Loading part: xc7s50csga324-2
---------------------------------------------------------------------------------
Finished Loading Part and Timing Information : Time (s): cpu = 00:00:14 ; elapsed = 00:00:35 . Memory (MB): peak = 728.648 ; gain = 396.859
---------------------------------------------------------------------------------
---------------------------------------------------------------------------------
Start Applying 'set_property' XDC Constraints
---------------------------------------------------------------------------------
Applied set_property DONT_TOUCH = true for fm_mod_bd_i. (constraint file  auto generated constraint, line ).
Applied set_property DONT_TOUCH = true for fm_mod_bd_i/fm_mod_1. (constraint file  auto generated constraint, line ).
---------------------------------------------------------------------------------
Finished applying 'set_property' XDC Constraints : Time (s): cpu = 00:00:14 ; elapsed = 00:00:35 . Memory (MB): peak = 728.648 ; gain = 396.859
---------------------------------------------------------------------------------
---------------------------------------------------------------------------------
Finished RTL Optimization Phase 2 : Time (s): cpu = 00:00:14 ; elapsed = 00:00:35 . Memory (MB): peak = 728.648 ; gain = 396.859
---------------------------------------------------------------------------------

Report RTL Partitions: 
+-+--------------+------------+----------+
| |RTL Partition |Replication |Instances |
+-+--------------+------------+----------+
+-+--------------+------------+----------+
---------------------------------------------------------------------------------
Start RTL Component Statistics 
---------------------------------------------------------------------------------
Detailed RTL Component Info : 
---------------------------------------------------------------------------------
Finished RTL Component Statistics 
---------------------------------------------------------------------------------
---------------------------------------------------------------------------------
Start RTL Hierarchical Component Statistics 
---------------------------------------------------------------------------------
Hierarchical RTL Component report 
---------------------------------------------------------------------------------
Finished RTL Hierarchical Component Statistics
---------------------------------------------------------------------------------
---------------------------------------------------------------------------------
Start Part Resource Summary
---------------------------------------------------------------------------------
Part Resources:
DSPs: 120 (col length:60)
BRAMs: 150 (col length: RAMB18 60 RAMB36 30)
---------------------------------------------------------------------------------
Finished Part Resource Summary
---------------------------------------------------------------------------------
---------------------------------------------------------------------------------
Start Cross Boundary and Area Optimization
---------------------------------------------------------------------------------
Warning: Parallel synthesis criteria is not met 
---------------------------------------------------------------------------------
Finished Cross Boundary and Area Optimization : Time (s): cpu = 00:00:15 ; elapsed = 00:00:36 . Memory (MB): peak = 728.648 ; gain = 396.859
---------------------------------------------------------------------------------

Report RTL Partitions: 
+-+--------------+------------+----------+
| |RTL Partition |Replication |Instances |
+-+--------------+------------+----------+
+-+--------------+------------+----------+
---------------------------------------------------------------------------------
Start Applying XDC Timing Constraints
---------------------------------------------------------------------------------
---------------------------------------------------------------------------------
Finished Applying XDC Timing Constraints : Time (s): cpu = 00:00:25 ; elapsed = 00:00:46 . Memory (MB): peak = 782.000 ; gain = 450.211
---------------------------------------------------------------------------------
---------------------------------------------------------------------------------
Start Timing Optimization
---------------------------------------------------------------------------------
---------------------------------------------------------------------------------
Finished Timing Optimization : Time (s): cpu = 00:00:25 ; elapsed = 00:00:46 . Memory (MB): peak = 782.074 ; gain = 450.285
---------------------------------------------------------------------------------

Report RTL Partitions: 
+-+--------------+------------+----------+
| |RTL Partition |Replication |Instances |
+-+--------------+------------+----------+
+-+--------------+------------+----------+
---------------------------------------------------------------------------------
Start Technology Mapping
---------------------------------------------------------------------------------
---------------------------------------------------------------------------------
Finished Technology Mapping : Time (s): cpu = 00:00:25 ; elapsed = 00:00:46 . Memory (MB): peak = 791.723 ; gain = 459.934
---------------------------------------------------------------------------------

Report RTL Partitions: 
+-+--------------+------------+----------+
| |RTL Partition |Replication |Instances |
+-+--------------+------------+----------+
+-+--------------+------------+----------+
---------------------------------------------------------------------------------
Start IO Insertion
---------------------------------------------------------------------------------
---------------------------------------------------------------------------------
Start Flattening Before IO Insertion
---------------------------------------------------------------------------------
---------------------------------------------------------------------------------
Finished Flattening Before IO Insertion
---------------------------------------------------------------------------------
---------------------------------------------------------------------------------
Start Final Netlist Cleanup
---------------------------------------------------------------------------------
---------------------------------------------------------------------------------
Finished Final Netlist Cleanup
---------------------------------------------------------------------------------
---------------------------------------------------------------------------------
Finished IO Insertion : Time (s): cpu = 00:00:27 ; elapsed = 00:00:49 . Memory (MB): peak = 791.723 ; gain = 459.934
---------------------------------------------------------------------------------

Report Check Netlist: 
+------+------------------+-------+---------+-------+------------------+
|      |Item              |Errors |Warnings |Status |Description       |
+------+------------------+-------+---------+-------+------------------+
|1     |multi_driven_nets |      0|        0|Passed |Multi driven nets |
+------+------------------+-------+---------+-------+------------------+
---------------------------------------------------------------------------------
Start Renaming Generated Instances
---------------------------------------------------------------------------------
---------------------------------------------------------------------------------
Finished Renaming Generated Instances : Time (s): cpu = 00:00:27 ; elapsed = 00:00:49 . Memory (MB): peak = 791.723 ; gain = 459.934
---------------------------------------------------------------------------------

Report RTL Partitions: 
+-+--------------+------------+----------+
| |RTL Partition |Replication |Instances |
+-+--------------+------------+----------+
+-+--------------+------------+----------+
---------------------------------------------------------------------------------
Start Rebuilding User Hierarchy
---------------------------------------------------------------------------------
---------------------------------------------------------------------------------
Finished Rebuilding User Hierarchy : Time (s): cpu = 00:00:27 ; elapsed = 00:00:49 . Memory (MB): peak = 791.723 ; gain = 459.934
---------------------------------------------------------------------------------
---------------------------------------------------------------------------------
Start Renaming Generated Ports
---------------------------------------------------------------------------------
---------------------------------------------------------------------------------
Finished Renaming Generated Ports : Time (s): cpu = 00:00:27 ; elapsed = 00:00:49 . Memory (MB): peak = 791.723 ; gain = 459.934
---------------------------------------------------------------------------------
---------------------------------------------------------------------------------
Start Handling Custom Attributes
---------------------------------------------------------------------------------
---------------------------------------------------------------------------------
Finished Handling Custom Attributes : Time (s): cpu = 00:00:27 ; elapsed = 00:00:49 . Memory (MB): peak = 791.723 ; gain = 459.934
---------------------------------------------------------------------------------
---------------------------------------------------------------------------------
Start Renaming Generated Nets
---------------------------------------------------------------------------------
---------------------------------------------------------------------------------
Finished Renaming Generated Nets : Time (s): cpu = 00:00:27 ; elapsed = 00:00:49 . Memory (MB): peak = 791.723 ; gain = 459.934
---------------------------------------------------------------------------------
---------------------------------------------------------------------------------
Start Writing Synthesis Report
---------------------------------------------------------------------------------

Report BlackBoxes: 
+------+---------------------+----------+
|      |BlackBox name        |Instances |
+------+---------------------+----------+
|1     |fm_mod_bd_fm_mod_1_0 |         1|
+------+---------------------+----------+

Report Cell Usage: 
+------+----------------------------+------+
|      |Cell                        |Count |
+------+----------------------------+------+
|1     |fm_mod_bd_fm_mod_1_0_bbox_0 |     1|
+------+----------------------------+------+

Report Instance Areas: 
+------+--------------+----------+------+
|      |Instance      |Module    |Cells |
+------+--------------+----------+------+
|1     |top           |          |    68|
|2     |  fm_mod_bd_i |fm_mod_bd |    68|
+------+--------------+----------+------+
---------------------------------------------------------------------------------
Finished Writing Synthesis Report : Time (s): cpu = 00:00:27 ; elapsed = 00:00:49 . Memory (MB): peak = 791.723 ; gain = 459.934
---------------------------------------------------------------------------------
Synthesis finished with 0 errors, 0 critical warnings and 0 warnings.
Synthesis Optimization Runtime : Time (s): cpu = 00:00:17 ; elapsed = 00:00:23 . Memory (MB): peak = 791.723 ; gain = 220.824
Synthesis Optimization Complete : Time (s): cpu = 00:00:28 ; elapsed = 00:00:49 . Memory (MB): peak = 791.723 ; gain = 459.934
INFO: [Project 1-571] Translating synthesized netlist
INFO: [Project 1-570] Preparing netlist for logic optimization
INFO: [Opt 31-138] Pushed 0 inverter(s) to 0 load pin(s).
Netlist sorting complete. Time (s): cpu = 00:00:00 ; elapsed = 00:00:00 . Memory (MB): peak = 803.023 ; gain = 0.000
INFO: [Project 1-111] Unisim Transformation Summary:
No Unisim elements were transformed.

INFO: [Common 17-83] Releasing license: Synthesis
19 Infos, 1 Warnings, 0 Critical Warnings and 0 Errors encountered.
synth_design completed successfully
synth_design: Time (s): cpu = 00:00:30 ; elapsed = 00:00:52 . Memory (MB): peak = 803.121 ; gain = 484.266
Netlist sorting complete. Time (s): cpu = 00:00:00 ; elapsed = 00:00:00 . Memory (MB): peak = 803.121 ; gain = 0.000
WARNING: [Constraints 18-5210] No constraints selected for write.
Resolution: This message can indicate that there are no constraints for the design, or it can indicate that the used_in flags are set such that the constraints are ignored. This later case is used when running synth_design to not write synthesis constraints to the resulting checkpoint. Instead, project constraints are read when the synthesized design is opened.
INFO: [Common 17-1381] The checkpoint 'C:/Users/fmabrouk/Downloads/FM_Mod/ip_catalog/fm_mod.runs/synth_1/fm_mod_bd_wrapper.dcp' has been generated.
INFO: [runtcl-4] Executing : report_utilization -file fm_mod_bd_wrapper_utilization_synth.rpt -pb fm_mod_bd_wrapper_utilization_synth.pb
INFO: [Common 17-206] Exiting Vivado at Thu Apr 16 13:23:06 2026...
[Thu Apr 16 13:23:07 2026] synth_1 finished
wait_on_run: Time (s): cpu = 00:00:00 ; elapsed = 00:03:37 . Memory (MB): peak = 560.930 ; gain = 0.000
INFO: SG_Analyzer -- Timing paths data will be collected from the post-synthesis design ...
INFO: [Timing 38-35] Done setting XDC timing constraints.
WARNING: [Timing 38-242] The property HD.CLK_SRC of clock port "clk" is not set. In out-of-context mode, this prevents timing estimation for clock delay/skew
Resolution: Set the HD.CLK_SRC property of the out-of-context port to the location of the clock buffer instance in the top-level design
get_timing_paths: Time (s): cpu = 00:00:21 ; elapsed = 00:00:20 . Memory (MB): peak = 1341.820 ; gain = 500.625
WARNING: [Common 17-673] Cannot get value of property 'ULTRA_RAMS' because this property is not valid in conjunction with other property setting on this object.
INFO: Setting More Options property of synthesis to empty string.
INFO: For IP Catalog flow the top module is reverted back to fm_mod_bd_wrapper after collecting results for analysis.
INFO: SG_Analyzer -- Collected Vivado timing paths and resource utilization information ...
INFO: [Common 17-206] Exiting Vivado at Thu Apr 16 13:25:14 2026...
